mode: set
recurly.com/recurly-client-go/client.go:48.69,50.4 1 0
recurly.com/recurly-client-go/client.go:72.30,79.2 1 0
recurly.com/recurly-client-go/client.go:82.64,83.18 1 1
recurly.com/recurly-client-go/client.go:86.2,86.23 1 1
recurly.com/recurly-client-go/client.go:89.2,94.3 1 1
recurly.com/recurly-client-go/client.go:83.18,85.3 1 0
recurly.com/recurly-client-go/client.go:86.23,88.3 1 0
recurly.com/recurly-client-go/client.go:99.72,102.31 3 1
recurly.com/recurly-client-go/client.go:106.2,106.48 1 1
recurly.com/recurly-client-go/client.go:102.31,105.3 2 1
recurly.com/recurly-client-go/client.go:110.101,111.35 1 1
recurly.com/recurly-client-go/client.go:117.2,120.69 3 1
recurly.com/recurly-client-go/client.go:124.2,125.16 2 1
recurly.com/recurly-client-go/client.go:129.2,129.21 1 1
recurly.com/recurly-client-go/client.go:111.35,113.3 1 0
recurly.com/recurly-client-go/client.go:113.8,115.3 1 1
recurly.com/recurly-client-go/client.go:120.69,122.3 1 1
recurly.com/recurly-client-go/client.go:125.16,127.3 1 0
recurly.com/recurly-client-go/client.go:133.70,135.69 2 1
recurly.com/recurly-client-go/client.go:139.2,139.19 1 1
recurly.com/recurly-client-go/client.go:157.2,157.19 1 1
recurly.com/recurly-client-go/client.go:135.69,137.3 1 1
recurly.com/recurly-client-go/client.go:139.19,140.58 1 1
recurly.com/recurly-client-go/client.go:140.58,145.33 4 0
recurly.com/recurly-client-go/client.go:153.4,153.29 1 0
recurly.com/recurly-client-go/client.go:145.33,146.14 1 0
recurly.com/recurly-client-go/client.go:149.5,151.47 3 0
recurly.com/recurly-client-go/client.go:146.14,148.6 1 0
recurly.com/recurly-client-go/client.go:161.102,163.16 2 1
recurly.com/recurly-client-go/client.go:167.2,173.19 6 1
recurly.com/recurly-client-go/client.go:198.2,198.17 1 1
recurly.com/recurly-client-go/client.go:163.16,165.3 1 0
recurly.com/recurly-client-go/client.go:173.19,175.34 1 1
recurly.com/recurly-client-go/client.go:178.3,178.37 1 1
recurly.com/recurly-client-go/client.go:184.3,184.53 1 1
recurly.com/recurly-client-go/client.go:193.3,193.28 1 1
recurly.com/recurly-client-go/client.go:175.34,177.4 1 0
recurly.com/recurly-client-go/client.go:178.37,179.28 1 0
recurly.com/recurly-client-go/client.go:179.28,181.5 1 0
recurly.com/recurly-client-go/client.go:184.53,186.18 2 1
recurly.com/recurly-client-go/client.go:190.4,190.54 1 1
recurly.com/recurly-client-go/client.go:186.18,189.5 2 0
recurly.com/recurly-client-go/client.go:193.28,195.4 1 0
recurly.com/recurly-client-go/client.go:202.61,209.16 5 1
recurly.com/recurly-client-go/client.go:213.2,219.31 5 1
recurly.com/recurly-client-go/client.go:227.2,228.16 2 1
recurly.com/recurly-client-go/client.go:233.2,236.31 3 1
recurly.com/recurly-client-go/client.go:252.2,252.38 1 1
recurly.com/recurly-client-go/client.go:262.2,262.40 1 1
recurly.com/recurly-client-go/client.go:209.16,212.3 2 0
recurly.com/recurly-client-go/client.go:219.31,221.17 2 0
recurly.com/recurly-client-go/client.go:224.3,224.26 1 0
recurly.com/recurly-client-go/client.go:221.17,223.4 1 0
recurly.com/recurly-client-go/client.go:228.16,231.3 2 0
recurly.com/recurly-client-go/client.go:236.31,237.22 1 0
recurly.com/recurly-client-go/client.go:240.3,240.52 1 0
recurly.com/recurly-client-go/client.go:244.3,245.61 2 0
recurly.com/recurly-client-go/client.go:237.22,239.4 1 0
recurly.com/recurly-client-go/client.go:240.52,242.4 1 0
recurly.com/recurly-client-go/client.go:245.61,247.4 1 0
recurly.com/recurly-client-go/client.go:247.9,249.4 1 0
recurly.com/recurly-client-go/client.go:252.38,253.20 1 1
recurly.com/recurly-client-go/client.go:259.3,259.13 1 1
recurly.com/recurly-client-go/client.go:253.20,254.49 1 1
recurly.com/recurly-client-go/client.go:254.49,257.5 2 0
recurly.com/recurly-client-go/client.go:265.44,267.2 1 1
recurly.com/recurly-client-go/error.go:21.56,23.2 1 0
recurly.com/recurly-client-go/error.go:26.59,28.2 1 0
recurly.com/recurly-client-go/error.go:30.32,32.2 1 1
recurly.com/recurly-client-go/error.go:98.66,101.51 2 1
recurly.com/recurly-client-go/error.go:108.2,108.75 1 1
recurly.com/recurly-client-go/error.go:126.2,129.24 3 1
recurly.com/recurly-client-go/error.go:160.2,165.3 1 1
recurly.com/recurly-client-go/error.go:101.51,103.3 1 1
recurly.com/recurly-client-go/error.go:103.8,105.3 1 1
recurly.com/recurly-client-go/error.go:108.75,112.56 2 1
recurly.com/recurly-client-go/error.go:112.56,121.4 1 1
recurly.com/recurly-client-go/error.go:130.31,132.34 2 1
recurly.com/recurly-client-go/error.go:133.28,135.31 2 1
recurly.com/recurly-client-go/error.go:136.27,138.30 2 1
recurly.com/recurly-client-go/error.go:139.38,141.32 2 1
recurly.com/recurly-client-go/error.go:142.34,144.33 2 1
recurly.com/recurly-client-go/error.go:145.38,147.36 2 1
recurly.com/recurly-client-go/error.go:148.29,150.32 2 1
recurly.com/recurly-client-go/error.go:151.37,153.40 2 1
recurly.com/recurly-client-go/error.go:154.33,154.33 0 0
recurly.com/recurly-client-go/error.go:155.33,157.29 2 1
recurly.com/recurly-client-go/recurly.go:7.31,9.2 1 0
recurly.com/recurly-client-go/recurly.go:11.22,13.2 1 0
recurly.com/recurly-client-go/recurly.go:15.25,17.2 1 0
recurly.com/recurly-client-go/recurly.go:19.34,21.2 1 0
recurly.com/recurly-client-go/recurly.go:23.35,25.2 1 0
recurly.com/recurly-client-go/recurly.go:27.40,29.19 2 0
recurly.com/recurly-client-go/recurly.go:32.2,32.12 1 0
recurly.com/recurly-client-go/recurly.go:29.19,31.3 1 0
recurly.com/recurly-client-go/recurly.go:40.56,42.2 1 1
recurly.com/recurly-client-go/recurly.go:45.59,47.2 1 1
recurly.com/recurly-client-go/resources.go:43.55,45.2 1 0
recurly.com/recurly-client-go/resources.go:48.58,50.2 1 0
recurly.com/recurly-client-go/resources.go:60.59,62.2 1 0
recurly.com/recurly-client-go/resources.go:65.62,67.2 1 0
recurly.com/recurly-client-go/resources.go:78.60,85.2 1 0
recurly.com/recurly-client-go/resources.go:88.52,89.19 1 0
recurly.com/recurly-client-go/resources.go:93.2,95.16 3 0
recurly.com/recurly-client-go/resources.go:98.2,98.49 1 0
recurly.com/recurly-client-go/resources.go:89.19,91.3 1 0
recurly.com/recurly-client-go/resources.go:95.16,97.3 1 0
recurly.com/recurly-client-go/resources.go:133.58,135.2 1 0
recurly.com/recurly-client-go/resources.go:138.61,140.2 1 0
recurly.com/recurly-client-go/resources.go:157.69,164.2 1 0
recurly.com/recurly-client-go/resources.go:167.58,168.19 1 0
recurly.com/recurly-client-go/resources.go:172.2,174.16 3 0
recurly.com/recurly-client-go/resources.go:177.2,177.52 1 0
recurly.com/recurly-client-go/resources.go:168.19,170.3 1 0
recurly.com/recurly-client-go/resources.go:174.16,176.3 1 0
recurly.com/recurly-client-go/resources.go:196.59,198.2 1 0
recurly.com/recurly-client-go/resources.go:201.62,203.2 1 0
recurly.com/recurly-client-go/resources.go:220.72,227.2 1 0
recurly.com/recurly-client-go/resources.go:230.60,231.19 1 0
recurly.com/recurly-client-go/resources.go:235.2,237.16 3 0
recurly.com/recurly-client-go/resources.go:240.2,240.53 1 0
recurly.com/recurly-client-go/resources.go:231.19,233.3 1 0
recurly.com/recurly-client-go/resources.go:237.16,239.3 1 0
recurly.com/recurly-client-go/resources.go:332.58,334.2 1 0
recurly.com/recurly-client-go/resources.go:337.61,339.2 1 0
recurly.com/recurly-client-go/resources.go:349.62,351.2 1 0
recurly.com/recurly-client-go/resources.go:354.65,356.2 1 0
recurly.com/recurly-client-go/resources.go:367.69,374.2 1 0
recurly.com/recurly-client-go/resources.go:377.58,378.19 1 0
recurly.com/recurly-client-go/resources.go:382.2,384.16 3 0
recurly.com/recurly-client-go/resources.go:387.2,387.52 1 0
recurly.com/recurly-client-go/resources.go:378.19,380.3 1 0
recurly.com/recurly-client-go/resources.go:384.16,386.3 1 0
recurly.com/recurly-client-go/resources.go:439.66,441.2 1 0
recurly.com/recurly-client-go/resources.go:444.69,446.2 1 0
recurly.com/recurly-client-go/resources.go:456.70,458.2 1 0
recurly.com/recurly-client-go/resources.go:461.73,463.2 1 0
recurly.com/recurly-client-go/resources.go:474.93,481.2 1 0
recurly.com/recurly-client-go/resources.go:484.74,485.19 1 0
recurly.com/recurly-client-go/resources.go:489.2,491.16 3 0
recurly.com/recurly-client-go/resources.go:494.2,494.60 1 0
recurly.com/recurly-client-go/resources.go:485.19,487.3 1 0
recurly.com/recurly-client-go/resources.go:491.16,493.3 1 0
recurly.com/recurly-client-go/resources.go:535.62,537.2 1 0
recurly.com/recurly-client-go/resources.go:540.65,542.2 1 0
recurly.com/recurly-client-go/resources.go:559.81,566.2 1 0
recurly.com/recurly-client-go/resources.go:569.66,570.19 1 0
recurly.com/recurly-client-go/resources.go:574.2,576.16 3 0
recurly.com/recurly-client-go/resources.go:579.2,579.56 1 0
recurly.com/recurly-client-go/resources.go:570.19,572.3 1 0
recurly.com/recurly-client-go/resources.go:576.16,578.3 1 0
recurly.com/recurly-client-go/resources.go:625.64,627.2 1 0
recurly.com/recurly-client-go/resources.go:630.67,632.2 1 0
recurly.com/recurly-client-go/resources.go:649.87,656.2 1 0
recurly.com/recurly-client-go/resources.go:659.70,660.19 1 0
recurly.com/recurly-client-go/resources.go:664.2,666.16 3 0
recurly.com/recurly-client-go/resources.go:669.2,669.58 1 0
recurly.com/recurly-client-go/resources.go:660.19,662.3 1 0
recurly.com/recurly-client-go/resources.go:666.16,668.3 1 0
recurly.com/recurly-client-go/resources.go:686.60,688.2 1 0
recurly.com/recurly-client-go/resources.go:691.63,693.2 1 0
recurly.com/recurly-client-go/resources.go:710.75,717.2 1 0
recurly.com/recurly-client-go/resources.go:720.62,721.19 1 0
recurly.com/recurly-client-go/resources.go:725.2,727.16 3 0
recurly.com/recurly-client-go/resources.go:730.2,730.54 1 0
recurly.com/recurly-client-go/resources.go:721.19,723.3 1 0
recurly.com/recurly-client-go/resources.go:727.16,729.3 1 0
recurly.com/recurly-client-go/resources.go:744.71,746.2 1 0
recurly.com/recurly-client-go/resources.go:749.74,751.2 1 0
recurly.com/recurly-client-go/resources.go:768.108,775.2 1 0
recurly.com/recurly-client-go/resources.go:778.84,779.19 1 0
recurly.com/recurly-client-go/resources.go:783.2,785.16 3 0
recurly.com/recurly-client-go/resources.go:788.2,788.65 1 0
recurly.com/recurly-client-go/resources.go:779.19,781.3 1 0
recurly.com/recurly-client-go/resources.go:785.16,787.3 1 0
recurly.com/recurly-client-go/resources.go:802.62,804.2 1 0
recurly.com/recurly-client-go/resources.go:807.65,809.2 1 0
recurly.com/recurly-client-go/resources.go:826.81,833.2 1 0
recurly.com/recurly-client-go/resources.go:836.66,837.19 1 0
recurly.com/recurly-client-go/resources.go:841.2,843.16 3 0
recurly.com/recurly-client-go/resources.go:846.2,846.56 1 0
recurly.com/recurly-client-go/resources.go:837.19,839.3 1 0
recurly.com/recurly-client-go/resources.go:843.16,845.3 1 0
recurly.com/recurly-client-go/resources.go:866.74,868.2 1 0
recurly.com/recurly-client-go/resources.go:871.77,873.2 1 0
recurly.com/recurly-client-go/resources.go:890.117,897.2 1 0
recurly.com/recurly-client-go/resources.go:900.90,901.19 1 0
recurly.com/recurly-client-go/resources.go:905.2,907.16 3 0
recurly.com/recurly-client-go/resources.go:910.2,910.68 1 0
recurly.com/recurly-client-go/resources.go:901.19,903.3 1 0
recurly.com/recurly-client-go/resources.go:907.16,909.3 1 0
recurly.com/recurly-client-go/resources.go:944.69,946.2 1 0
recurly.com/recurly-client-go/resources.go:949.72,951.2 1 0
recurly.com/recurly-client-go/resources.go:961.73,963.2 1 0
recurly.com/recurly-client-go/resources.go:966.76,968.2 1 0
recurly.com/recurly-client-go/resources.go:979.102,986.2 1 0
recurly.com/recurly-client-go/resources.go:989.80,990.19 1 0
recurly.com/recurly-client-go/resources.go:994.2,996.16 3 0
recurly.com/recurly-client-go/resources.go:999.2,999.63 1 0
recurly.com/recurly-client-go/resources.go:990.19,992.3 1 0
recurly.com/recurly-client-go/resources.go:996.16,998.3 1 0
recurly.com/recurly-client-go/resources.go:1013.73,1015.2 1 0
recurly.com/recurly-client-go/resources.go:1018.76,1020.2 1 0
recurly.com/recurly-client-go/resources.go:1037.114,1044.2 1 0
recurly.com/recurly-client-go/resources.go:1047.88,1048.19 1 0
recurly.com/recurly-client-go/resources.go:1052.2,1054.16 3 0
recurly.com/recurly-client-go/resources.go:1057.2,1057.67 1 0
recurly.com/recurly-client-go/resources.go:1048.19,1050.3 1 0
recurly.com/recurly-client-go/resources.go:1054.16,1056.3 1 0
recurly.com/recurly-client-go/resources.go:1086.62,1088.2 1 0
recurly.com/recurly-client-go/resources.go:1091.65,1093.2 1 0
recurly.com/recurly-client-go/resources.go:1110.81,1117.2 1 0
recurly.com/recurly-client-go/resources.go:1120.66,1121.19 1 0
recurly.com/recurly-client-go/resources.go:1125.2,1127.16 3 0
recurly.com/recurly-client-go/resources.go:1130.2,1130.56 1 0
recurly.com/recurly-client-go/resources.go:1121.19,1123.3 1 0
recurly.com/recurly-client-go/resources.go:1127.16,1129.3 1 0
recurly.com/recurly-client-go/resources.go:1148.65,1150.2 1 0
recurly.com/recurly-client-go/resources.go:1153.68,1155.2 1 0
recurly.com/recurly-client-go/resources.go:1172.90,1179.2 1 0
recurly.com/recurly-client-go/resources.go:1182.72,1183.19 1 0
recurly.com/recurly-client-go/resources.go:1187.2,1189.16 3 0
recurly.com/recurly-client-go/resources.go:1192.2,1192.59 1 0
recurly.com/recurly-client-go/resources.go:1183.19,1185.3 1 0
recurly.com/recurly-client-go/resources.go:1189.16,1191.3 1 0
recurly.com/recurly-client-go/resources.go:1206.71,1208.2 1 0
recurly.com/recurly-client-go/resources.go:1211.74,1213.2 1 0
recurly.com/recurly-client-go/resources.go:1230.108,1237.2 1 0
recurly.com/recurly-client-go/resources.go:1240.84,1241.19 1 0
recurly.com/recurly-client-go/resources.go:1245.2,1247.16 3 0
recurly.com/recurly-client-go/resources.go:1250.2,1250.65 1 0
recurly.com/recurly-client-go/resources.go:1241.19,1243.3 1 0
recurly.com/recurly-client-go/resources.go:1247.16,1249.3 1 0
recurly.com/recurly-client-go/resources.go:1287.67,1289.2 1 0
recurly.com/recurly-client-go/resources.go:1292.70,1294.2 1 0
recurly.com/recurly-client-go/resources.go:1304.71,1306.2 1 0
recurly.com/recurly-client-go/resources.go:1309.74,1311.2 1 0
recurly.com/recurly-client-go/resources.go:1322.96,1329.2 1 0
recurly.com/recurly-client-go/resources.go:1332.76,1333.19 1 0
recurly.com/recurly-client-go/resources.go:1337.2,1339.16 3 0
recurly.com/recurly-client-go/resources.go:1342.2,1342.61 1 0
recurly.com/recurly-client-go/resources.go:1333.19,1335.3 1 0
recurly.com/recurly-client-go/resources.go:1339.16,1341.3 1 0
recurly.com/recurly-client-go/resources.go:1436.57,1438.2 1 0
recurly.com/recurly-client-go/resources.go:1441.60,1443.2 1 0
recurly.com/recurly-client-go/resources.go:1453.61,1455.2 1 0
recurly.com/recurly-client-go/resources.go:1458.64,1460.2 1 0
recurly.com/recurly-client-go/resources.go:1471.66,1478.2 1 0
recurly.com/recurly-client-go/resources.go:1481.56,1482.19 1 0
recurly.com/recurly-client-go/resources.go:1486.2,1488.16 3 0
recurly.com/recurly-client-go/resources.go:1491.2,1491.51 1 0
recurly.com/recurly-client-go/resources.go:1482.19,1484.3 1 0
recurly.com/recurly-client-go/resources.go:1488.16,1490.3 1 0
recurly.com/recurly-client-go/resources.go:1511.59,1513.2 1 0
recurly.com/recurly-client-go/resources.go:1516.62,1518.2 1 0
recurly.com/recurly-client-go/resources.go:1535.72,1542.2 1 0
recurly.com/recurly-client-go/resources.go:1545.60,1546.19 1 0
recurly.com/recurly-client-go/resources.go:1550.2,1552.16 3 0
recurly.com/recurly-client-go/resources.go:1555.2,1555.53 1 0
recurly.com/recurly-client-go/resources.go:1546.19,1548.3 1 0
recurly.com/recurly-client-go/resources.go:1552.16,1554.3 1 0
recurly.com/recurly-client-go/resources.go:1574.65,1576.2 1 0
recurly.com/recurly-client-go/resources.go:1579.68,1581.2 1 0
recurly.com/recurly-client-go/resources.go:1598.90,1605.2 1 0
recurly.com/recurly-client-go/resources.go:1608.72,1609.19 1 0
recurly.com/recurly-client-go/resources.go:1613.2,1615.16 3 0
recurly.com/recurly-client-go/resources.go:1618.2,1618.59 1 0
recurly.com/recurly-client-go/resources.go:1609.19,1611.3 1 0
recurly.com/recurly-client-go/resources.go:1615.16,1617.3 1 0
recurly.com/recurly-client-go/resources.go:1632.72,1634.2 1 0
recurly.com/recurly-client-go/resources.go:1637.75,1639.2 1 0
recurly.com/recurly-client-go/resources.go:1656.111,1663.2 1 0
recurly.com/recurly-client-go/resources.go:1666.86,1667.19 1 0
recurly.com/recurly-client-go/resources.go:1671.2,1673.16 3 0
recurly.com/recurly-client-go/resources.go:1676.2,1676.66 1 0
recurly.com/recurly-client-go/resources.go:1667.19,1669.3 1 0
recurly.com/recurly-client-go/resources.go:1673.16,1675.3 1 0
recurly.com/recurly-client-go/resources.go:1690.70,1692.2 1 0
recurly.com/recurly-client-go/resources.go:1695.73,1697.2 1 0
recurly.com/recurly-client-go/resources.go:1714.105,1721.2 1 0
recurly.com/recurly-client-go/resources.go:1724.82,1725.19 1 0
recurly.com/recurly-client-go/resources.go:1729.2,1731.16 3 0
recurly.com/recurly-client-go/resources.go:1734.2,1734.64 1 0
recurly.com/recurly-client-go/resources.go:1725.19,1727.3 1 0
recurly.com/recurly-client-go/resources.go:1731.16,1733.3 1 0
recurly.com/recurly-client-go/resources.go:1783.64,1785.2 1 0
recurly.com/recurly-client-go/resources.go:1788.67,1790.2 1 0
recurly.com/recurly-client-go/resources.go:1800.68,1802.2 1 0
recurly.com/recurly-client-go/resources.go:1805.71,1807.2 1 0
recurly.com/recurly-client-go/resources.go:1818.87,1825.2 1 0
recurly.com/recurly-client-go/resources.go:1828.70,1829.19 1 0
recurly.com/recurly-client-go/resources.go:1833.2,1835.16 3 0
recurly.com/recurly-client-go/resources.go:1838.2,1838.58 1 0
recurly.com/recurly-client-go/resources.go:1829.19,1831.3 1 0
recurly.com/recurly-client-go/resources.go:1835.16,1837.3 1 0
recurly.com/recurly-client-go/resources.go:1861.62,1863.2 1 0
recurly.com/recurly-client-go/resources.go:1866.65,1868.2 1 0
recurly.com/recurly-client-go/resources.go:1885.81,1892.2 1 0
recurly.com/recurly-client-go/resources.go:1895.66,1896.19 1 0
recurly.com/recurly-client-go/resources.go:1900.2,1902.16 3 0
recurly.com/recurly-client-go/resources.go:1905.2,1905.56 1 0
recurly.com/recurly-client-go/resources.go:1896.19,1898.3 1 0
recurly.com/recurly-client-go/resources.go:1902.16,1904.3 1 0
recurly.com/recurly-client-go/resources.go:2025.62,2027.2 1 0
recurly.com/recurly-client-go/resources.go:2030.65,2032.2 1 0
recurly.com/recurly-client-go/resources.go:2042.66,2044.2 1 0
recurly.com/recurly-client-go/resources.go:2047.69,2049.2 1 0
recurly.com/recurly-client-go/resources.go:2060.81,2067.2 1 0
recurly.com/recurly-client-go/resources.go:2070.66,2071.19 1 0
recurly.com/recurly-client-go/resources.go:2075.2,2077.16 3 0
recurly.com/recurly-client-go/resources.go:2080.2,2080.56 1 0
recurly.com/recurly-client-go/resources.go:2071.19,2073.3 1 0
recurly.com/recurly-client-go/resources.go:2077.16,2079.3 1 0
recurly.com/recurly-client-go/resources.go:2097.76,2099.2 1 0
recurly.com/recurly-client-go/resources.go:2102.79,2104.2 1 0
recurly.com/recurly-client-go/resources.go:2121.123,2128.2 1 0
recurly.com/recurly-client-go/resources.go:2131.94,2132.19 1 0
recurly.com/recurly-client-go/resources.go:2136.2,2138.16 3 0
recurly.com/recurly-client-go/resources.go:2141.2,2141.70 1 0
recurly.com/recurly-client-go/resources.go:2132.19,2134.3 1 0
recurly.com/recurly-client-go/resources.go:2138.16,2140.3 1 0
recurly.com/recurly-client-go/resources.go:2248.58,2250.2 1 0
recurly.com/recurly-client-go/resources.go:2253.61,2255.2 1 0
recurly.com/recurly-client-go/resources.go:2265.62,2267.2 1 0
recurly.com/recurly-client-go/resources.go:2270.65,2272.2 1 0
recurly.com/recurly-client-go/resources.go:2283.69,2290.2 1 0
recurly.com/recurly-client-go/resources.go:2293.58,2294.19 1 0
recurly.com/recurly-client-go/resources.go:2298.2,2300.16 3 0
recurly.com/recurly-client-go/resources.go:2303.2,2303.52 1 0
recurly.com/recurly-client-go/resources.go:2294.19,2296.3 1 0
recurly.com/recurly-client-go/resources.go:2300.16,2302.3 1 0
recurly.com/recurly-client-go/resources.go:2344.65,2346.2 1 0
recurly.com/recurly-client-go/resources.go:2349.68,2351.2 1 0
recurly.com/recurly-client-go/resources.go:2368.90,2375.2 1 0
recurly.com/recurly-client-go/resources.go:2378.72,2379.19 1 0
recurly.com/recurly-client-go/resources.go:2383.2,2385.16 3 0
recurly.com/recurly-client-go/resources.go:2388.2,2388.59 1 0
recurly.com/recurly-client-go/resources.go:2379.19,2381.3 1 0
recurly.com/recurly-client-go/resources.go:2385.16,2387.3 1 0
recurly.com/recurly-client-go/resources.go:2405.58,2407.2 1 0
recurly.com/recurly-client-go/resources.go:2410.61,2412.2 1 0
recurly.com/recurly-client-go/resources.go:2429.69,2436.2 1 0
recurly.com/recurly-client-go/resources.go:2439.58,2440.19 1 0
recurly.com/recurly-client-go/resources.go:2444.2,2446.16 3 0
recurly.com/recurly-client-go/resources.go:2449.2,2449.52 1 0
recurly.com/recurly-client-go/resources.go:2440.19,2442.3 1 0
recurly.com/recurly-client-go/resources.go:2446.16,2448.3 1 0
recurly.com/recurly-client-go/resources.go:2595.59,2597.2 1 0
recurly.com/recurly-client-go/resources.go:2600.62,2602.2 1 0
recurly.com/recurly-client-go/resources.go:2612.63,2614.2 1 0
recurly.com/recurly-client-go/resources.go:2617.66,2619.2 1 0
recurly.com/recurly-client-go/resources.go:2630.72,2637.2 1 0
recurly.com/recurly-client-go/resources.go:2640.60,2641.19 1 0
recurly.com/recurly-client-go/resources.go:2645.2,2647.16 3 0
recurly.com/recurly-client-go/resources.go:2650.2,2650.53 1 0
recurly.com/recurly-client-go/resources.go:2641.19,2643.3 1 0
recurly.com/recurly-client-go/resources.go:2647.16,2649.3 1 0
recurly.com/recurly-client-go/resources.go:2666.68,2668.2 1 0
recurly.com/recurly-client-go/resources.go:2671.71,2673.2 1 0
recurly.com/recurly-client-go/resources.go:2690.99,2697.2 1 0
recurly.com/recurly-client-go/resources.go:2700.78,2701.19 1 0
recurly.com/recurly-client-go/resources.go:2705.2,2707.16 3 0
recurly.com/recurly-client-go/resources.go:2710.2,2710.62 1 0
recurly.com/recurly-client-go/resources.go:2701.19,2703.3 1 0
recurly.com/recurly-client-go/resources.go:2707.16,2709.3 1 0
recurly.com/recurly-client-go/resources.go:2731.62,2733.2 1 0
recurly.com/recurly-client-go/resources.go:2736.65,2738.2 1 0
recurly.com/recurly-client-go/resources.go:2748.66,2750.2 1 0
recurly.com/recurly-client-go/resources.go:2753.69,2755.2 1 0
recurly.com/recurly-client-go/resources.go:2766.81,2773.2 1 0
recurly.com/recurly-client-go/resources.go:2776.66,2777.19 1 0
recurly.com/recurly-client-go/resources.go:2781.2,2783.16 3 0
recurly.com/recurly-client-go/resources.go:2786.2,2786.56 1 0
recurly.com/recurly-client-go/resources.go:2777.19,2779.3 1 0
recurly.com/recurly-client-go/resources.go:2783.16,2785.3 1 0
recurly.com/recurly-client-go/resources.go:2811.55,2813.2 1 0
recurly.com/recurly-client-go/resources.go:2816.58,2818.2 1 0
recurly.com/recurly-client-go/resources.go:2835.60,2842.2 1 0
recurly.com/recurly-client-go/resources.go:2845.52,2846.19 1 0
recurly.com/recurly-client-go/resources.go:2850.2,2852.16 3 0
recurly.com/recurly-client-go/resources.go:2855.2,2855.49 1 0
recurly.com/recurly-client-go/resources.go:2846.19,2848.3 1 0
recurly.com/recurly-client-go/resources.go:2852.16,2854.3 1 0
recurly.com/recurly-client-go/resources.go:2986.63,2988.2 1 0
recurly.com/recurly-client-go/resources.go:2991.66,2993.2 1 0
recurly.com/recurly-client-go/resources.go:3003.67,3005.2 1 0
recurly.com/recurly-client-go/resources.go:3008.70,3010.2 1 0
recurly.com/recurly-client-go/resources.go:3021.84,3028.2 1 0
recurly.com/recurly-client-go/resources.go:3031.68,3032.19 1 0
recurly.com/recurly-client-go/resources.go:3036.2,3038.16 3 0
recurly.com/recurly-client-go/resources.go:3041.2,3041.57 1 0
recurly.com/recurly-client-go/resources.go:3032.19,3034.3 1 0
recurly.com/recurly-client-go/resources.go:3038.16,3040.3 1 0
recurly.com/recurly-client-go/resources.go:3059.71,3061.2 1 0
recurly.com/recurly-client-go/resources.go:3064.74,3066.2 1 0
recurly.com/recurly-client-go/resources.go:3083.108,3090.2 1 0
recurly.com/recurly-client-go/resources.go:3093.84,3094.19 1 0
recurly.com/recurly-client-go/resources.go:3098.2,3100.16 3 0
recurly.com/recurly-client-go/resources.go:3103.2,3103.65 1 0
recurly.com/recurly-client-go/resources.go:3094.19,3096.3 1 0
recurly.com/recurly-client-go/resources.go:3100.16,3102.3 1 0
recurly.com/recurly-client-go/resources.go:3123.69,3125.2 1 0
recurly.com/recurly-client-go/resources.go:3128.72,3130.2 1 0
recurly.com/recurly-client-go/resources.go:3147.102,3154.2 1 0
recurly.com/recurly-client-go/resources.go:3157.80,3158.19 1 0
recurly.com/recurly-client-go/resources.go:3162.2,3164.16 3 0
recurly.com/recurly-client-go/resources.go:3167.2,3167.63 1 0
recurly.com/recurly-client-go/resources.go:3158.19,3160.3 1 0
recurly.com/recurly-client-go/resources.go:3164.16,3166.3 1 0
recurly.com/recurly-client-go/resources.go:3192.71,3194.2 1 0
recurly.com/recurly-client-go/resources.go:3197.74,3199.2 1 0
recurly.com/recurly-client-go/resources.go:3216.108,3223.2 1 0
recurly.com/recurly-client-go/resources.go:3226.84,3227.19 1 0
recurly.com/recurly-client-go/resources.go:3231.2,3233.16 3 0
recurly.com/recurly-client-go/resources.go:3236.2,3236.65 1 0
recurly.com/recurly-client-go/resources.go:3227.19,3229.3 1 0
recurly.com/recurly-client-go/resources.go:3233.16,3235.3 1 0
recurly.com/recurly-client-go/resources.go:3269.61,3271.2 1 0
recurly.com/recurly-client-go/resources.go:3274.64,3276.2 1 0
recurly.com/recurly-client-go/resources.go:3293.78,3300.2 1 0
recurly.com/recurly-client-go/resources.go:3303.64,3304.19 1 0
recurly.com/recurly-client-go/resources.go:3308.2,3310.16 3 0
recurly.com/recurly-client-go/resources.go:3313.2,3313.55 1 0
recurly.com/recurly-client-go/resources.go:3304.19,3306.3 1 0
recurly.com/recurly-client-go/resources.go:3310.16,3312.3 1 0
recurly.com/recurly-client-go/resources.go:3366.69,3368.2 1 0
recurly.com/recurly-client-go/resources.go:3371.72,3373.2 1 0
recurly.com/recurly-client-go/resources.go:3390.102,3397.2 1 0
recurly.com/recurly-client-go/resources.go:3400.80,3401.19 1 0
recurly.com/recurly-client-go/resources.go:3405.2,3407.16 3 0
recurly.com/recurly-client-go/resources.go:3410.2,3410.63 1 0
recurly.com/recurly-client-go/resources.go:3401.19,3403.3 1 0
recurly.com/recurly-client-go/resources.go:3407.16,3409.3 1 0
recurly.com/recurly-client-go/resources.go:3445.68,3447.2 1 0
recurly.com/recurly-client-go/resources.go:3450.71,3452.2 1 0
recurly.com/recurly-client-go/resources.go:3469.99,3476.2 1 0
recurly.com/recurly-client-go/resources.go:3479.78,3480.19 1 0
recurly.com/recurly-client-go/resources.go:3484.2,3486.16 3 0
recurly.com/recurly-client-go/resources.go:3489.2,3489.62 1 0
recurly.com/recurly-client-go/resources.go:3480.19,3482.3 1 0
recurly.com/recurly-client-go/resources.go:3486.16,3488.3 1 0
recurly.com/recurly-client-go/resources.go:3518.60,3520.2 1 0
recurly.com/recurly-client-go/resources.go:3523.63,3525.2 1 0
recurly.com/recurly-client-go/resources.go:3542.75,3549.2 1 0
recurly.com/recurly-client-go/resources.go:3552.62,3553.19 1 0
recurly.com/recurly-client-go/resources.go:3557.2,3559.16 3 0
recurly.com/recurly-client-go/resources.go:3562.2,3562.54 1 0
recurly.com/recurly-client-go/resources.go:3553.19,3555.3 1 0
recurly.com/recurly-client-go/resources.go:3559.16,3561.3 1 0
recurly.com/recurly-client-go/resources.go:3594.67,3596.2 1 0
recurly.com/recurly-client-go/resources.go:3599.70,3601.2 1 0
recurly.com/recurly-client-go/resources.go:3618.96,3625.2 1 0
recurly.com/recurly-client-go/resources.go:3628.76,3629.19 1 0
recurly.com/recurly-client-go/resources.go:3633.2,3635.16 3 0
recurly.com/recurly-client-go/resources.go:3638.2,3638.61 1 0
recurly.com/recurly-client-go/resources.go:3629.19,3631.3 1 0
recurly.com/recurly-client-go/resources.go:3635.16,3637.3 1 0
recurly.com/recurly-client-go/resources.go:3680.72,3682.2 1 0
recurly.com/recurly-client-go/resources.go:3685.75,3687.2 1 0
recurly.com/recurly-client-go/resources.go:3697.76,3699.2 1 0
recurly.com/recurly-client-go/resources.go:3702.79,3704.2 1 0
recurly.com/recurly-client-go/resources.go:3715.111,3722.2 1 0
recurly.com/recurly-client-go/resources.go:3725.86,3726.19 1 0
recurly.com/recurly-client-go/resources.go:3730.2,3732.16 3 0
recurly.com/recurly-client-go/resources.go:3735.2,3735.66 1 0
recurly.com/recurly-client-go/resources.go:3726.19,3728.3 1 0
recurly.com/recurly-client-go/resources.go:3732.16,3734.3 1 0
recurly.com/recurly-client-go/resources.go:3791.55,3793.2 1 0
recurly.com/recurly-client-go/resources.go:3796.58,3798.2 1 0
recurly.com/recurly-client-go/resources.go:3808.59,3810.2 1 0
recurly.com/recurly-client-go/resources.go:3813.62,3815.2 1 0
recurly.com/recurly-client-go/resources.go:3826.60,3833.2 1 0
recurly.com/recurly-client-go/resources.go:3836.52,3837.19 1 0
recurly.com/recurly-client-go/resources.go:3841.2,3843.16 3 0
recurly.com/recurly-client-go/resources.go:3846.2,3846.49 1 0
recurly.com/recurly-client-go/resources.go:3837.19,3839.3 1 0
recurly.com/recurly-client-go/resources.go:3843.16,3845.3 1 0
recurly.com/recurly-client-go/resources.go:3860.58,3862.2 1 0
recurly.com/recurly-client-go/resources.go:3865.61,3867.2 1 0
recurly.com/recurly-client-go/resources.go:3884.69,3891.2 1 0
recurly.com/recurly-client-go/resources.go:3894.58,3895.19 1 0
recurly.com/recurly-client-go/resources.go:3899.2,3901.16 3 0
recurly.com/recurly-client-go/resources.go:3904.2,3904.52 1 0
recurly.com/recurly-client-go/resources.go:3895.19,3897.3 1 0
recurly.com/recurly-client-go/resources.go:3901.16,3903.3 1 0
recurly.com/recurly-client-go/resources.go:3914.61,3916.2 1 0
recurly.com/recurly-client-go/resources.go:3919.64,3921.2 1 0
recurly.com/recurly-client-go/resources.go:3938.78,3945.2 1 0
recurly.com/recurly-client-go/resources.go:3948.64,3949.19 1 0
recurly.com/recurly-client-go/resources.go:3953.2,3955.16 3 0
recurly.com/recurly-client-go/resources.go:3958.2,3958.55 1 0
recurly.com/recurly-client-go/resources.go:3949.19,3951.3 1 0
recurly.com/recurly-client-go/resources.go:3955.16,3957.3 1 0
recurly.com/recurly-client-go/resources.go:4035.55,4037.2 1 0
recurly.com/recurly-client-go/resources.go:4040.58,4042.2 1 0
recurly.com/recurly-client-go/resources.go:4052.59,4054.2 1 0
recurly.com/recurly-client-go/resources.go:4057.62,4059.2 1 0
recurly.com/recurly-client-go/resources.go:4070.60,4077.2 1 0
recurly.com/recurly-client-go/resources.go:4080.52,4081.19 1 0
recurly.com/recurly-client-go/resources.go:4085.2,4087.16 3 0
recurly.com/recurly-client-go/resources.go:4090.2,4090.49 1 0
recurly.com/recurly-client-go/resources.go:4081.19,4083.3 1 0
recurly.com/recurly-client-go/resources.go:4087.16,4089.3 1 0
recurly.com/recurly-client-go/resources.go:4107.62,4109.2 1 0
recurly.com/recurly-client-go/resources.go:4112.65,4114.2 1 0
recurly.com/recurly-client-go/resources.go:4131.81,4138.2 1 0
recurly.com/recurly-client-go/resources.go:4141.66,4142.19 1 0
recurly.com/recurly-client-go/resources.go:4146.2,4148.16 3 0
recurly.com/recurly-client-go/resources.go:4151.2,4151.56 1 0
recurly.com/recurly-client-go/resources.go:4142.19,4144.3 1 0
recurly.com/recurly-client-go/resources.go:4148.16,4150.3 1 0
recurly.com/recurly-client-go/resources.go:4171.66,4173.2 1 0
recurly.com/recurly-client-go/resources.go:4176.69,4178.2 1 0
recurly.com/recurly-client-go/resources.go:4195.93,4202.2 1 0
recurly.com/recurly-client-go/resources.go:4205.74,4206.19 1 0
recurly.com/recurly-client-go/resources.go:4210.2,4212.16 3 0
recurly.com/recurly-client-go/resources.go:4215.2,4215.60 1 0
recurly.com/recurly-client-go/resources.go:4206.19,4208.3 1 0
recurly.com/recurly-client-go/resources.go:4212.16,4214.3 1 0
recurly.com/recurly-client-go/resources.go:4277.56,4279.2 1 0
recurly.com/recurly-client-go/resources.go:4282.59,4284.2 1 0
recurly.com/recurly-client-go/resources.go:4294.60,4296.2 1 0
recurly.com/recurly-client-go/resources.go:4299.63,4301.2 1 0
recurly.com/recurly-client-go/resources.go:4312.63,4319.2 1 0
recurly.com/recurly-client-go/resources.go:4322.54,4323.19 1 0
recurly.com/recurly-client-go/resources.go:4327.2,4329.16 3 0
recurly.com/recurly-client-go/resources.go:4332.2,4332.50 1 0
recurly.com/recurly-client-go/resources.go:4323.19,4325.3 1 0
recurly.com/recurly-client-go/resources.go:4329.16,4331.3 1 0
recurly.com/recurly-client-go/resources.go:4346.63,4348.2 1 0
recurly.com/recurly-client-go/resources.go:4351.66,4353.2 1 0
recurly.com/recurly-client-go/resources.go:4370.84,4377.2 1 0
recurly.com/recurly-client-go/resources.go:4380.68,4381.19 1 0
recurly.com/recurly-client-go/resources.go:4385.2,4387.16 3 0
recurly.com/recurly-client-go/resources.go:4390.2,4390.57 1 0
recurly.com/recurly-client-go/resources.go:4381.19,4383.3 1 0
recurly.com/recurly-client-go/resources.go:4387.16,4389.3 1 0
recurly.com/recurly-client-go/resources.go:4416.59,4418.2 1 0
recurly.com/recurly-client-go/resources.go:4421.62,4423.2 1 0
recurly.com/recurly-client-go/resources.go:4440.72,4447.2 1 0
recurly.com/recurly-client-go/resources.go:4450.60,4451.19 1 0
recurly.com/recurly-client-go/resources.go:4455.2,4457.16 3 0
recurly.com/recurly-client-go/resources.go:4460.2,4460.53 1 0
recurly.com/recurly-client-go/resources.go:4451.19,4453.3 1 0
recurly.com/recurly-client-go/resources.go:4457.16,4459.3 1 0
recurly.com/recurly-client-go/resources.go:4501.65,4503.2 1 0
recurly.com/recurly-client-go/resources.go:4506.68,4508.2 1 0
recurly.com/recurly-client-go/resources.go:4518.69,4520.2 1 0
recurly.com/recurly-client-go/resources.go:4523.72,4525.2 1 0
recurly.com/recurly-client-go/resources.go:4536.90,4543.2 1 0
recurly.com/recurly-client-go/resources.go:4546.72,4547.19 1 0
recurly.com/recurly-client-go/resources.go:4551.2,4553.16 3 0
recurly.com/recurly-client-go/resources.go:4556.2,4556.59 1 0
recurly.com/recurly-client-go/resources.go:4547.19,4549.3 1 0
recurly.com/recurly-client-go/resources.go:4553.16,4555.3 1 0
recurly.com/recurly-client-go/requests.go:62.47,69.2 1 0
recurly.com/recurly-client-go/requests.go:87.61,94.2 1 0
recurly.com/recurly-client-go/requests.go:129.55,136.2 1 0
recurly.com/recurly-client-go/requests.go:210.51,217.2 1 0
recurly.com/recurly-client-go/requests.go:269.47,276.2 1 0
recurly.com/recurly-client-go/requests.go:288.56,295.2 1 0
recurly.com/recurly-client-go/requests.go:325.47,332.2 1 0
recurly.com/recurly-client-go/requests.go:389.48,396.2 1 0
recurly.com/recurly-client-go/requests.go:434.55,441.2 1 0
recurly.com/recurly-client-go/requests.go:519.46,526.2 1 0
recurly.com/recurly-client-go/requests.go:538.47,545.2 1 0
recurly.com/recurly-client-go/requests.go:569.46,576.2 1 0
recurly.com/recurly-client-go/requests.go:585.50,592.2 1 0
recurly.com/recurly-client-go/requests.go:628.44,635.2 1 0
recurly.com/recurly-client-go/requests.go:671.44,678.2 1 0
recurly.com/recurly-client-go/requests.go:701.50,708.2 1 0
recurly.com/recurly-client-go/requests.go:720.48,727.2 1 0
recurly.com/recurly-client-go/requests.go:762.47,769.2 1 0
recurly.com/recurly-client-go/requests.go:785.48,792.2 1 0
recurly.com/recurly-client-go/requests.go:807.48,814.2 1 0
recurly.com/recurly-client-go/requests.go:874.44,881.2 1 0
recurly.com/recurly-client-go/requests.go:920.45,927.2 1 0
recurly.com/recurly-client-go/requests.go:984.44,991.2 1 0
recurly.com/recurly-client-go/requests.go:1024.45,1031.2 1 0
recurly.com/recurly-client-go/requests.go:1108.52,1115.2 1 0
recurly.com/recurly-client-go/requests.go:1135.60,1142.2 1 0
recurly.com/recurly-client-go/requests.go:1160.57,1167.2 1 0
recurly.com/recurly-client-go/requests.go:1209.52,1216.2 1 0
recurly.com/recurly-client-go/requests.go:1230.60,1237.2 1 0
recurly.com/recurly-client-go/requests.go:1246.52,1253.2 1 0
recurly.com/recurly-client-go/requests.go:1262.51,1269.2 1 0
recurly.com/recurly-client-go/requests.go:1314.58,1321.2 1 0
recurly.com/recurly-client-go/requests.go:1336.66,1343.2 1 0
recurly.com/recurly-client-go/requests.go:1364.57,1371.2 1 0
recurly.com/recurly-client-go/requests.go:1423.48,1430.2 1 0
recurly.com/recurly-client-go/requests.go:1490.49,1497.2 1 0
recurly.com/recurly-client-go/requests.go:1511.50,1518.2 1 0
recurly.com/recurly-client-go/requests.go:1533.51,1540.2 1 0
recurly.com/recurly-client-go/requests.go:1585.54,1592.2 1 0
recurly.com/recurly-client-go/requests.go:1607.62,1614.2 1 0
recurly.com/recurly-client-go/client_operations.go:42.49,49.2 1 0
recurly.com/recurly-client-go/client_operations.go:51.53,54.21 2 0
recurly.com/recurly-client-go/client_operations.go:58.2,58.23 1 0
recurly.com/recurly-client-go/client_operations.go:62.2,62.23 1 0
recurly.com/recurly-client-go/client_operations.go:66.2,66.22 1 0
recurly.com/recurly-client-go/client_operations.go:70.2,70.16 1 0
recurly.com/recurly-client-go/client_operations.go:54.21,56.3 1 0
recurly.com/recurly-client-go/client_operations.go:58.23,60.3 1 0
recurly.com/recurly-client-go/client_operations.go:62.23,64.3 1 0
recurly.com/recurly-client-go/client_operations.go:66.22,68.3 1 0
recurly.com/recurly-client-go/client_operations.go:75.63,83.2 3 0
recurly.com/recurly-client-go/client_operations.go:87.56,91.16 4 0
recurly.com/recurly-client-go/client_operations.go:94.2,94.20 1 0
recurly.com/recurly-client-go/client_operations.go:91.16,93.3 1 0
recurly.com/recurly-client-go/client_operations.go:141.52,148.2 1 0
recurly.com/recurly-client-go/client_operations.go:150.56,153.21 2 0
recurly.com/recurly-client-go/client_operations.go:157.2,157.23 1 0
recurly.com/recurly-client-go/client_operations.go:161.2,161.23 1 0
recurly.com/recurly-client-go/client_operations.go:165.2,165.22 1 0
recurly.com/recurly-client-go/client_operations.go:169.2,169.27 1 0
recurly.com/recurly-client-go/client_operations.go:173.2,173.25 1 0
recurly.com/recurly-client-go/client_operations.go:177.2,177.23 1 0
recurly.com/recurly-client-go/client_operations.go:181.2,181.28 1 0
recurly.com/recurly-client-go/client_operations.go:185.2,185.25 1 0
recurly.com/recurly-client-go/client_operations.go:189.2,189.16 1 0
recurly.com/recurly-client-go/client_operations.go:153.21,155.3 1 0
recurly.com/recurly-client-go/client_operations.go:157.23,159.3 1 0
recurly.com/recurly-client-go/client_operations.go:161.23,163.3 1 0
recurly.com/recurly-client-go/client_operations.go:165.22,167.3 1 0
recurly.com/recurly-client-go/client_operations.go:169.27,171.3 1 0
recurly.com/recurly-client-go/client_operations.go:173.25,175.3 1 0
recurly.com/recurly-client-go/client_operations.go:177.23,179.3 1 0
recurly.com/recurly-client-go/client_operations.go:181.28,183.3 1 0
recurly.com/recurly-client-go/client_operations.go:185.25,187.3 1 0
recurly.com/recurly-client-go/client_operations.go:194.72,202.2 3 0
recurly.com/recurly-client-go/client_operations.go:206.71,210.16 4 0
recurly.com/recurly-client-go/client_operations.go:213.2,213.20 1 0
recurly.com/recurly-client-go/client_operations.go:210.16,212.3 1 0
recurly.com/recurly-client-go/client_operations.go:218.65,222.16 4 0
recurly.com/recurly-client-go/client_operations.go:225.2,225.20 1 0
recurly.com/recurly-client-go/client_operations.go:222.16,224.3 1 0
recurly.com/recurly-client-go/client_operations.go:230.89,234.16 4 0
recurly.com/recurly-client-go/client_operations.go:237.2,237.20 1 0
recurly.com/recurly-client-go/client_operations.go:234.16,236.3 1 0
recurly.com/recurly-client-go/client_operations.go:242.72,246.16 4 0
recurly.com/recurly-client-go/client_operations.go:249.2,249.20 1 0
recurly.com/recurly-client-go/client_operations.go:246.16,248.3 1 0
recurly.com/recurly-client-go/client_operations.go:254.87,258.16 4 0
recurly.com/recurly-client-go/client_operations.go:261.2,261.20 1 0
recurly.com/recurly-client-go/client_operations.go:258.16,260.3 1 0
recurly.com/recurly-client-go/client_operations.go:266.125,270.16 4 0
recurly.com/recurly-client-go/client_operations.go:273.2,273.20 1 0
recurly.com/recurly-client-go/client_operations.go:270.16,272.3 1 0
recurly.com/recurly-client-go/client_operations.go:278.77,282.16 4 0
recurly.com/recurly-client-go/client_operations.go:285.2,285.20 1 0
recurly.com/recurly-client-go/client_operations.go:282.16,284.3 1 0
recurly.com/recurly-client-go/client_operations.go:290.72,294.16 4 0
recurly.com/recurly-client-go/client_operations.go:297.2,297.20 1 0
recurly.com/recurly-client-go/client_operations.go:294.16,296.3 1 0
recurly.com/recurly-client-go/client_operations.go:302.79,306.16 4 0
recurly.com/recurly-client-go/client_operations.go:309.2,309.20 1 0
recurly.com/recurly-client-go/client_operations.go:306.16,308.3 1 0
recurly.com/recurly-client-go/client_operations.go:314.73,318.16 4 0
recurly.com/recurly-client-go/client_operations.go:321.2,321.20 1 0
recurly.com/recurly-client-go/client_operations.go:318.16,320.3 1 0
recurly.com/recurly-client-go/client_operations.go:326.101,330.16 4 0
recurly.com/recurly-client-go/client_operations.go:333.2,333.20 1 0
recurly.com/recurly-client-go/client_operations.go:330.16,332.3 1 0
recurly.com/recurly-client-go/client_operations.go:338.70,342.16 4 0
recurly.com/recurly-client-go/client_operations.go:345.2,345.20 1 0
recurly.com/recurly-client-go/client_operations.go:342.16,344.3 1 0
recurly.com/recurly-client-go/client_operations.go:376.68,383.2 1 0
recurly.com/recurly-client-go/client_operations.go:385.72,388.21 2 0
recurly.com/recurly-client-go/client_operations.go:392.2,392.22 1 0
recurly.com/recurly-client-go/client_operations.go:396.2,396.27 1 0
recurly.com/recurly-client-go/client_operations.go:400.2,400.25 1 0
recurly.com/recurly-client-go/client_operations.go:404.2,404.16 1 0
recurly.com/recurly-client-go/client_operations.go:388.21,390.3 1 0
recurly.com/recurly-client-go/client_operations.go:392.22,394.3 1 0
recurly.com/recurly-client-go/client_operations.go:396.27,398.3 1 0
recurly.com/recurly-client-go/client_operations.go:400.25,402.3 1 0
recurly.com/recurly-client-go/client_operations.go:409.131,417.2 3 0
recurly.com/recurly-client-go/client_operations.go:421.89,425.16 4 0
recurly.com/recurly-client-go/client_operations.go:428.2,428.20 1 0
recurly.com/recurly-client-go/client_operations.go:425.16,427.3 1 0
recurly.com/recurly-client-go/client_operations.go:433.116,437.16 4 0
recurly.com/recurly-client-go/client_operations.go:440.2,440.20 1 0
recurly.com/recurly-client-go/client_operations.go:437.16,439.3 1 0
recurly.com/recurly-client-go/client_operations.go:445.86,449.16 4 0
recurly.com/recurly-client-go/client_operations.go:452.2,452.20 1 0
recurly.com/recurly-client-go/client_operations.go:449.16,451.3 1 0
recurly.com/recurly-client-go/client_operations.go:478.65,485.2 1 0
recurly.com/recurly-client-go/client_operations.go:487.69,490.23 2 0
recurly.com/recurly-client-go/client_operations.go:494.2,494.23 1 0
recurly.com/recurly-client-go/client_operations.go:498.2,498.22 1 0
recurly.com/recurly-client-go/client_operations.go:502.2,502.27 1 0
recurly.com/recurly-client-go/client_operations.go:506.2,506.25 1 0
recurly.com/recurly-client-go/client_operations.go:510.2,510.16 1 0
recurly.com/recurly-client-go/client_operations.go:490.23,492.3 1 0
recurly.com/recurly-client-go/client_operations.go:494.23,496.3 1 0
recurly.com/recurly-client-go/client_operations.go:498.22,500.3 1 0
recurly.com/recurly-client-go/client_operations.go:502.27,504.3 1 0
recurly.com/recurly-client-go/client_operations.go:506.25,508.3 1 0
recurly.com/recurly-client-go/client_operations.go:515.122,523.2 3 0
recurly.com/recurly-client-go/client_operations.go:566.59,573.2 1 0
recurly.com/recurly-client-go/client_operations.go:575.63,578.21 2 0
recurly.com/recurly-client-go/client_operations.go:582.2,582.23 1 0
recurly.com/recurly-client-go/client_operations.go:586.2,586.23 1 0
recurly.com/recurly-client-go/client_operations.go:590.2,590.22 1 0
recurly.com/recurly-client-go/client_operations.go:594.2,594.27 1 0
recurly.com/recurly-client-go/client_operations.go:598.2,598.25 1 0
recurly.com/recurly-client-go/client_operations.go:602.2,602.22 1 0
recurly.com/recurly-client-go/client_operations.go:606.2,606.16 1 0
recurly.com/recurly-client-go/client_operations.go:578.21,580.3 1 0
recurly.com/recurly-client-go/client_operations.go:582.23,584.3 1 0
recurly.com/recurly-client-go/client_operations.go:586.23,588.3 1 0
recurly.com/recurly-client-go/client_operations.go:590.22,592.3 1 0
recurly.com/recurly-client-go/client_operations.go:594.27,596.3 1 0
recurly.com/recurly-client-go/client_operations.go:598.25,600.3 1 0
recurly.com/recurly-client-go/client_operations.go:602.22,604.3 1 0
recurly.com/recurly-client-go/client_operations.go:611.104,619.2 3 0
recurly.com/recurly-client-go/client_operations.go:623.99,627.16 4 0
recurly.com/recurly-client-go/client_operations.go:630.2,630.20 1 0
recurly.com/recurly-client-go/client_operations.go:627.16,629.3 1 0
recurly.com/recurly-client-go/client_operations.go:635.100,639.16 4 0
recurly.com/recurly-client-go/client_operations.go:642.2,642.20 1 0
recurly.com/recurly-client-go/client_operations.go:639.16,641.3 1 0
recurly.com/recurly-client-go/client_operations.go:688.60,695.2 1 0
recurly.com/recurly-client-go/client_operations.go:697.64,700.21 2 0
recurly.com/recurly-client-go/client_operations.go:704.2,704.23 1 0
recurly.com/recurly-client-go/client_operations.go:708.2,708.23 1 0
recurly.com/recurly-client-go/client_operations.go:712.2,712.22 1 0
recurly.com/recurly-client-go/client_operations.go:716.2,716.27 1 0
recurly.com/recurly-client-go/client_operations.go:720.2,720.25 1 0
recurly.com/recurly-client-go/client_operations.go:724.2,724.26 1 0
recurly.com/recurly-client-go/client_operations.go:728.2,728.23 1 0
recurly.com/recurly-client-go/client_operations.go:732.2,732.22 1 0
recurly.com/recurly-client-go/client_operations.go:736.2,736.16 1 0
recurly.com/recurly-client-go/client_operations.go:700.21,702.3 1 0
recurly.com/recurly-client-go/client_operations.go:704.23,706.3 1 0
recurly.com/recurly-client-go/client_operations.go:708.23,710.3 1 0
recurly.com/recurly-client-go/client_operations.go:712.22,714.3 1 0
recurly.com/recurly-client-go/client_operations.go:716.27,718.3 1 0
recurly.com/recurly-client-go/client_operations.go:720.25,722.3 1 0
recurly.com/recurly-client-go/client_operations.go:724.26,726.3 1 0
recurly.com/recurly-client-go/client_operations.go:728.23,730.3 1 0
recurly.com/recurly-client-go/client_operations.go:732.22,734.3 1 0
recurly.com/recurly-client-go/client_operations.go:741.107,749.2 3 0
recurly.com/recurly-client-go/client_operations.go:753.92,757.16 4 0
recurly.com/recurly-client-go/client_operations.go:760.2,760.20 1 0
recurly.com/recurly-client-go/client_operations.go:757.16,759.3 1 0
recurly.com/recurly-client-go/client_operations.go:778.56,785.2 1 0
recurly.com/recurly-client-go/client_operations.go:787.60,790.21 2 0
recurly.com/recurly-client-go/client_operations.go:794.2,794.16 1 0
recurly.com/recurly-client-go/client_operations.go:790.21,792.3 1 0
recurly.com/recurly-client-go/client_operations.go:799.102,807.2 3 0
recurly.com/recurly-client-go/client_operations.go:811.95,815.16 4 0
recurly.com/recurly-client-go/client_operations.go:818.2,818.20 1 0
recurly.com/recurly-client-go/client_operations.go:815.16,817.3 1 0
recurly.com/recurly-client-go/client_operations.go:855.61,862.2 1 0
recurly.com/recurly-client-go/client_operations.go:864.65,867.21 2 0
recurly.com/recurly-client-go/client_operations.go:871.2,871.23 1 0
recurly.com/recurly-client-go/client_operations.go:875.2,875.23 1 0
recurly.com/recurly-client-go/client_operations.go:879.2,879.22 1 0
recurly.com/recurly-client-go/client_operations.go:883.2,883.27 1 0
recurly.com/recurly-client-go/client_operations.go:887.2,887.25 1 0
recurly.com/recurly-client-go/client_operations.go:891.2,891.16 1 0
recurly.com/recurly-client-go/client_operations.go:867.21,869.3 1 0
recurly.com/recurly-client-go/client_operations.go:871.23,873.3 1 0
recurly.com/recurly-client-go/client_operations.go:875.23,877.3 1 0
recurly.com/recurly-client-go/client_operations.go:879.22,881.3 1 0
recurly.com/recurly-client-go/client_operations.go:883.27,885.3 1 0
recurly.com/recurly-client-go/client_operations.go:887.25,889.3 1 0
recurly.com/recurly-client-go/client_operations.go:896.116,904.2 3 0
recurly.com/recurly-client-go/client_operations.go:908.113,912.16 4 0
recurly.com/recurly-client-go/client_operations.go:915.2,915.20 1 0
recurly.com/recurly-client-go/client_operations.go:912.16,914.3 1 0
recurly.com/recurly-client-go/client_operations.go:920.107,924.16 4 0
recurly.com/recurly-client-go/client_operations.go:927.2,927.20 1 0
recurly.com/recurly-client-go/client_operations.go:924.16,926.3 1 0
recurly.com/recurly-client-go/client_operations.go:932.139,936.16 4 0
recurly.com/recurly-client-go/client_operations.go:939.2,939.20 1 0
recurly.com/recurly-client-go/client_operations.go:936.16,938.3 1 0
recurly.com/recurly-client-go/client_operations.go:944.100,948.16 4 0
recurly.com/recurly-client-go/client_operations.go:951.2,951.20 1 0
recurly.com/recurly-client-go/client_operations.go:948.16,950.3 1 0
recurly.com/recurly-client-go/client_operations.go:994.64,1001.2 1 0
recurly.com/recurly-client-go/client_operations.go:1003.68,1006.21 2 0
recurly.com/recurly-client-go/client_operations.go:1010.2,1010.23 1 0
recurly.com/recurly-client-go/client_operations.go:1014.2,1014.23 1 0
recurly.com/recurly-client-go/client_operations.go:1018.2,1018.22 1 0
recurly.com/recurly-client-go/client_operations.go:1022.2,1022.27 1 0
recurly.com/recurly-client-go/client_operations.go:1026.2,1026.25 1 0
recurly.com/recurly-client-go/client_operations.go:1030.2,1030.23 1 0
recurly.com/recurly-client-go/client_operations.go:1034.2,1034.16 1 0
recurly.com/recurly-client-go/client_operations.go:1006.21,1008.3 1 0
recurly.com/recurly-client-go/client_operations.go:1010.23,1012.3 1 0
recurly.com/recurly-client-go/client_operations.go:1014.23,1016.3 1 0
recurly.com/recurly-client-go/client_operations.go:1018.22,1020.3 1 0
recurly.com/recurly-client-go/client_operations.go:1022.27,1024.3 1 0
recurly.com/recurly-client-go/client_operations.go:1026.25,1028.3 1 0
recurly.com/recurly-client-go/client_operations.go:1030.23,1032.3 1 0
recurly.com/recurly-client-go/client_operations.go:1039.119,1047.2 3 0
recurly.com/recurly-client-go/client_operations.go:1089.63,1096.2 1 0
recurly.com/recurly-client-go/client_operations.go:1098.67,1101.21 2 0
recurly.com/recurly-client-go/client_operations.go:1105.2,1105.23 1 0
recurly.com/recurly-client-go/client_operations.go:1109.2,1109.23 1 0
recurly.com/recurly-client-go/client_operations.go:1113.2,1113.22 1 0
recurly.com/recurly-client-go/client_operations.go:1117.2,1117.27 1 0
recurly.com/recurly-client-go/client_operations.go:1121.2,1121.25 1 0
recurly.com/recurly-client-go/client_operations.go:1125.2,1125.22 1 0
recurly.com/recurly-client-go/client_operations.go:1129.2,1129.25 1 0
recurly.com/recurly-client-go/client_operations.go:1133.2,1133.16 1 0
recurly.com/recurly-client-go/client_operations.go:1101.21,1103.3 1 0
recurly.com/recurly-client-go/client_operations.go:1105.23,1107.3 1 0
recurly.com/recurly-client-go/client_operations.go:1109.23,1111.3 1 0
recurly.com/recurly-client-go/client_operations.go:1113.22,1115.3 1 0
recurly.com/recurly-client-go/client_operations.go:1117.27,1119.3 1 0
recurly.com/recurly-client-go/client_operations.go:1121.25,1123.3 1 0
recurly.com/recurly-client-go/client_operations.go:1125.22,1127.3 1 0
recurly.com/recurly-client-go/client_operations.go:1129.25,1131.3 1 0
recurly.com/recurly-client-go/client_operations.go:1138.116,1146.2 3 0
recurly.com/recurly-client-go/client_operations.go:1192.57,1199.2 1 0
recurly.com/recurly-client-go/client_operations.go:1201.61,1204.21 2 0
recurly.com/recurly-client-go/client_operations.go:1208.2,1208.23 1 0
recurly.com/recurly-client-go/client_operations.go:1212.2,1212.23 1 0
recurly.com/recurly-client-go/client_operations.go:1216.2,1216.22 1 0
recurly.com/recurly-client-go/client_operations.go:1220.2,1220.27 1 0
recurly.com/recurly-client-go/client_operations.go:1224.2,1224.25 1 0
recurly.com/recurly-client-go/client_operations.go:1228.2,1228.23 1 0
recurly.com/recurly-client-go/client_operations.go:1232.2,1232.28 1 0
recurly.com/recurly-client-go/client_operations.go:1236.2,1236.25 1 0
recurly.com/recurly-client-go/client_operations.go:1240.2,1240.16 1 0
recurly.com/recurly-client-go/client_operations.go:1204.21,1206.3 1 0
recurly.com/recurly-client-go/client_operations.go:1208.23,1210.3 1 0
recurly.com/recurly-client-go/client_operations.go:1212.23,1214.3 1 0
recurly.com/recurly-client-go/client_operations.go:1216.22,1218.3 1 0
recurly.com/recurly-client-go/client_operations.go:1220.27,1222.3 1 0
recurly.com/recurly-client-go/client_operations.go:1224.25,1226.3 1 0
recurly.com/recurly-client-go/client_operations.go:1228.23,1230.3 1 0
recurly.com/recurly-client-go/client_operations.go:1232.28,1234.3 1 0
recurly.com/recurly-client-go/client_operations.go:1236.25,1238.3 1 0
recurly.com/recurly-client-go/client_operations.go:1245.100,1253.2 3 0
recurly.com/recurly-client-go/client_operations.go:1289.62,1296.2 1 0
recurly.com/recurly-client-go/client_operations.go:1298.66,1301.21 2 0
recurly.com/recurly-client-go/client_operations.go:1305.2,1305.23 1 0
recurly.com/recurly-client-go/client_operations.go:1309.2,1309.23 1 0
recurly.com/recurly-client-go/client_operations.go:1313.2,1313.22 1 0
recurly.com/recurly-client-go/client_operations.go:1317.2,1317.27 1 0
recurly.com/recurly-client-go/client_operations.go:1321.2,1321.25 1 0
recurly.com/recurly-client-go/client_operations.go:1325.2,1325.16 1 0
recurly.com/recurly-client-go/client_operations.go:1301.21,1303.3 1 0
recurly.com/recurly-client-go/client_operations.go:1305.23,1307.3 1 0
recurly.com/recurly-client-go/client_operations.go:1309.23,1311.3 1 0
recurly.com/recurly-client-go/client_operations.go:1313.22,1315.3 1 0
recurly.com/recurly-client-go/client_operations.go:1317.27,1319.3 1 0
recurly.com/recurly-client-go/client_operations.go:1321.25,1323.3 1 0
recurly.com/recurly-client-go/client_operations.go:1330.103,1338.2 3 0
recurly.com/recurly-client-go/client_operations.go:1374.51,1381.2 1 0
recurly.com/recurly-client-go/client_operations.go:1383.55,1386.21 2 0
recurly.com/recurly-client-go/client_operations.go:1390.2,1390.23 1 0
recurly.com/recurly-client-go/client_operations.go:1394.2,1394.23 1 0
recurly.com/recurly-client-go/client_operations.go:1398.2,1398.22 1 0
recurly.com/recurly-client-go/client_operations.go:1402.2,1402.27 1 0
recurly.com/recurly-client-go/client_operations.go:1406.2,1406.25 1 0
recurly.com/recurly-client-go/client_operations.go:1410.2,1410.16 1 0
recurly.com/recurly-client-go/client_operations.go:1386.21,1388.3 1 0
recurly.com/recurly-client-go/client_operations.go:1390.23,1392.3 1 0
recurly.com/recurly-client-go/client_operations.go:1394.23,1396.3 1 0
recurly.com/recurly-client-go/client_operations.go:1398.22,1400.3 1 0
recurly.com/recurly-client-go/client_operations.go:1402.27,1404.3 1 0
recurly.com/recurly-client-go/client_operations.go:1406.25,1408.3 1 0
recurly.com/recurly-client-go/client_operations.go:1415.69,1423.2 3 0
recurly.com/recurly-client-go/client_operations.go:1427.68,1431.16 4 0
recurly.com/recurly-client-go/client_operations.go:1434.2,1434.20 1 0
recurly.com/recurly-client-go/client_operations.go:1431.16,1433.3 1 0
recurly.com/recurly-client-go/client_operations.go:1439.62,1443.16 4 0
recurly.com/recurly-client-go/client_operations.go:1446.2,1446.20 1 0
recurly.com/recurly-client-go/client_operations.go:1443.16,1445.3 1 0
recurly.com/recurly-client-go/client_operations.go:1451.85,1455.16 4 0
recurly.com/recurly-client-go/client_operations.go:1458.2,1458.20 1 0
recurly.com/recurly-client-go/client_operations.go:1455.16,1457.3 1 0
recurly.com/recurly-client-go/client_operations.go:1463.69,1467.16 4 0
recurly.com/recurly-client-go/client_operations.go:1470.2,1470.20 1 0
recurly.com/recurly-client-go/client_operations.go:1467.16,1469.3 1 0
recurly.com/recurly-client-go/client_operations.go:1507.61,1514.2 1 0
recurly.com/recurly-client-go/client_operations.go:1516.65,1519.21 2 0
recurly.com/recurly-client-go/client_operations.go:1523.2,1523.23 1 0
recurly.com/recurly-client-go/client_operations.go:1527.2,1527.23 1 0
recurly.com/recurly-client-go/client_operations.go:1531.2,1531.22 1 0
recurly.com/recurly-client-go/client_operations.go:1535.2,1535.27 1 0
recurly.com/recurly-client-go/client_operations.go:1539.2,1539.25 1 0
recurly.com/recurly-client-go/client_operations.go:1543.2,1543.16 1 0
recurly.com/recurly-client-go/client_operations.go:1519.21,1521.3 1 0
recurly.com/recurly-client-go/client_operations.go:1523.23,1525.3 1 0
recurly.com/recurly-client-go/client_operations.go:1527.23,1529.3 1 0
recurly.com/recurly-client-go/client_operations.go:1531.22,1533.3 1 0
recurly.com/recurly-client-go/client_operations.go:1535.27,1537.3 1 0
recurly.com/recurly-client-go/client_operations.go:1539.25,1541.3 1 0
recurly.com/recurly-client-go/client_operations.go:1548.116,1556.2 3 0
recurly.com/recurly-client-go/client_operations.go:1581.58,1588.2 1 0
recurly.com/recurly-client-go/client_operations.go:1590.62,1593.23 2 0
recurly.com/recurly-client-go/client_operations.go:1597.2,1597.23 1 0
recurly.com/recurly-client-go/client_operations.go:1601.2,1601.22 1 0
recurly.com/recurly-client-go/client_operations.go:1605.2,1605.27 1 0
recurly.com/recurly-client-go/client_operations.go:1609.2,1609.25 1 0
recurly.com/recurly-client-go/client_operations.go:1613.2,1613.16 1 0
recurly.com/recurly-client-go/client_operations.go:1593.23,1595.3 1 0
recurly.com/recurly-client-go/client_operations.go:1597.23,1599.3 1 0
recurly.com/recurly-client-go/client_operations.go:1601.22,1603.3 1 0
recurly.com/recurly-client-go/client_operations.go:1605.27,1607.3 1 0
recurly.com/recurly-client-go/client_operations.go:1609.25,1611.3 1 0
recurly.com/recurly-client-go/client_operations.go:1618.90,1626.2 3 0
recurly.com/recurly-client-go/client_operations.go:1630.83,1634.16 4 0
recurly.com/recurly-client-go/client_operations.go:1637.2,1637.20 1 0
recurly.com/recurly-client-go/client_operations.go:1634.16,1636.3 1 0
recurly.com/recurly-client-go/client_operations.go:1677.66,1684.2 1 0
recurly.com/recurly-client-go/client_operations.go:1686.70,1689.21 2 0
recurly.com/recurly-client-go/client_operations.go:1693.2,1693.23 1 0
recurly.com/recurly-client-go/client_operations.go:1697.2,1697.23 1 0
recurly.com/recurly-client-go/client_operations.go:1701.2,1701.22 1 0
recurly.com/recurly-client-go/client_operations.go:1705.2,1705.27 1 0
recurly.com/recurly-client-go/client_operations.go:1709.2,1709.25 1 0
recurly.com/recurly-client-go/client_operations.go:1713.2,1713.29 1 0
recurly.com/recurly-client-go/client_operations.go:1717.2,1717.16 1 0
recurly.com/recurly-client-go/client_operations.go:1689.21,1691.3 1 0
recurly.com/recurly-client-go/client_operations.go:1693.23,1695.3 1 0
recurly.com/recurly-client-go/client_operations.go:1697.23,1699.3 1 0
recurly.com/recurly-client-go/client_operations.go:1701.22,1703.3 1 0
recurly.com/recurly-client-go/client_operations.go:1705.27,1707.3 1 0
recurly.com/recurly-client-go/client_operations.go:1709.25,1711.3 1 0
recurly.com/recurly-client-go/client_operations.go:1713.29,1715.3 1 0
recurly.com/recurly-client-go/client_operations.go:1722.114,1730.2 3 0
recurly.com/recurly-client-go/client_operations.go:1734.107,1738.16 4 0
recurly.com/recurly-client-go/client_operations.go:1741.2,1741.20 1 0
recurly.com/recurly-client-go/client_operations.go:1738.16,1740.3 1 0
recurly.com/recurly-client-go/client_operations.go:1781.49,1788.2 1 0
recurly.com/recurly-client-go/client_operations.go:1790.53,1793.21 2 0
recurly.com/recurly-client-go/client_operations.go:1797.2,1797.23 1 0
recurly.com/recurly-client-go/client_operations.go:1801.2,1801.23 1 0
recurly.com/recurly-client-go/client_operations.go:1805.2,1805.22 1 0
recurly.com/recurly-client-go/client_operations.go:1809.2,1809.27 1 0
recurly.com/recurly-client-go/client_operations.go:1813.2,1813.25 1 0
recurly.com/recurly-client-go/client_operations.go:1817.2,1817.23 1 0
recurly.com/recurly-client-go/client_operations.go:1821.2,1821.16 1 0
recurly.com/recurly-client-go/client_operations.go:1793.21,1795.3 1 0
recurly.com/recurly-client-go/client_operations.go:1797.23,1799.3 1 0
recurly.com/recurly-client-go/client_operations.go:1801.23,1803.3 1 0
recurly.com/recurly-client-go/client_operations.go:1805.22,1807.3 1 0
recurly.com/recurly-client-go/client_operations.go:1809.27,1811.3 1 0
recurly.com/recurly-client-go/client_operations.go:1813.25,1815.3 1 0
recurly.com/recurly-client-go/client_operations.go:1817.23,1819.3 1 0
recurly.com/recurly-client-go/client_operations.go:1826.63,1834.2 3 0
recurly.com/recurly-client-go/client_operations.go:1838.62,1842.16 4 0
recurly.com/recurly-client-go/client_operations.go:1845.2,1845.20 1 0
recurly.com/recurly-client-go/client_operations.go:1842.16,1844.3 1 0
recurly.com/recurly-client-go/client_operations.go:1850.56,1854.16 4 0
recurly.com/recurly-client-go/client_operations.go:1857.2,1857.20 1 0
recurly.com/recurly-client-go/client_operations.go:1854.16,1856.3 1 0
recurly.com/recurly-client-go/client_operations.go:1862.77,1866.16 4 0
recurly.com/recurly-client-go/client_operations.go:1869.2,1869.20 1 0
recurly.com/recurly-client-go/client_operations.go:1866.16,1868.3 1 0
recurly.com/recurly-client-go/client_operations.go:1874.63,1878.16 4 0
recurly.com/recurly-client-go/client_operations.go:1881.2,1881.20 1 0
recurly.com/recurly-client-go/client_operations.go:1878.16,1880.3 1 0
recurly.com/recurly-client-go/client_operations.go:1886.63,1890.16 4 0
recurly.com/recurly-client-go/client_operations.go:1893.2,1893.20 1 0
recurly.com/recurly-client-go/client_operations.go:1890.16,1892.3 1 0
recurly.com/recurly-client-go/client_operations.go:1937.52,1944.2 1 0
recurly.com/recurly-client-go/client_operations.go:1946.56,1949.21 2 0
recurly.com/recurly-client-go/client_operations.go:1953.2,1953.23 1 0
recurly.com/recurly-client-go/client_operations.go:1957.2,1957.23 1 0
recurly.com/recurly-client-go/client_operations.go:1961.2,1961.22 1 0
recurly.com/recurly-client-go/client_operations.go:1965.2,1965.27 1 0
recurly.com/recurly-client-go/client_operations.go:1969.2,1969.25 1 0
recurly.com/recurly-client-go/client_operations.go:1973.2,1973.22 1 0
recurly.com/recurly-client-go/client_operations.go:1977.2,1977.16 1 0
recurly.com/recurly-client-go/client_operations.go:1949.21,1951.3 1 0
recurly.com/recurly-client-go/client_operations.go:1953.23,1955.3 1 0
recurly.com/recurly-client-go/client_operations.go:1957.23,1959.3 1 0
recurly.com/recurly-client-go/client_operations.go:1961.22,1963.3 1 0
recurly.com/recurly-client-go/client_operations.go:1965.27,1967.3 1 0
recurly.com/recurly-client-go/client_operations.go:1969.25,1971.3 1 0
recurly.com/recurly-client-go/client_operations.go:1973.22,1975.3 1 0
recurly.com/recurly-client-go/client_operations.go:1982.72,1990.2 3 0
recurly.com/recurly-client-go/client_operations.go:1994.65,1998.16 4 0
recurly.com/recurly-client-go/client_operations.go:2001.2,2001.20 1 0
recurly.com/recurly-client-go/client_operations.go:1998.16,2000.3 1 0
recurly.com/recurly-client-go/client_operations.go:2006.89,2010.16 4 0
recurly.com/recurly-client-go/client_operations.go:2013.2,2013.20 1 0
recurly.com/recurly-client-go/client_operations.go:2010.16,2012.3 1 0
recurly.com/recurly-client-go/client_operations.go:2018.71,2022.16 4 0
recurly.com/recurly-client-go/client_operations.go:2025.2,2025.20 1 0
recurly.com/recurly-client-go/client_operations.go:2022.16,2024.3 1 0
recurly.com/recurly-client-go/client_operations.go:2035.54,2042.2 1 0
recurly.com/recurly-client-go/client_operations.go:2046.99,2050.16 4 0
recurly.com/recurly-client-go/client_operations.go:2053.2,2053.20 1 0
recurly.com/recurly-client-go/client_operations.go:2050.16,2052.3 1 0
recurly.com/recurly-client-go/client_operations.go:2058.66,2062.16 4 0
recurly.com/recurly-client-go/client_operations.go:2065.2,2065.20 1 0
recurly.com/recurly-client-go/client_operations.go:2062.16,2064.3 1 0
recurly.com/recurly-client-go/client_operations.go:2070.76,2074.16 4 0
recurly.com/recurly-client-go/client_operations.go:2077.2,2077.20 1 0
recurly.com/recurly-client-go/client_operations.go:2074.16,2076.3 1 0
recurly.com/recurly-client-go/client_operations.go:2082.68,2086.16 4 0
recurly.com/recurly-client-go/client_operations.go:2089.2,2089.20 1 0
recurly.com/recurly-client-go/client_operations.go:2086.16,2088.3 1 0
recurly.com/recurly-client-go/client_operations.go:2094.66,2098.16 4 0
recurly.com/recurly-client-go/client_operations.go:2101.2,2101.20 1 0
recurly.com/recurly-client-go/client_operations.go:2098.16,2100.3 1 0
recurly.com/recurly-client-go/client_operations.go:2147.60,2154.2 1 0
recurly.com/recurly-client-go/client_operations.go:2156.64,2159.21 2 0
recurly.com/recurly-client-go/client_operations.go:2163.2,2163.23 1 0
recurly.com/recurly-client-go/client_operations.go:2167.2,2167.23 1 0
recurly.com/recurly-client-go/client_operations.go:2171.2,2171.22 1 0
recurly.com/recurly-client-go/client_operations.go:2175.2,2175.27 1 0
recurly.com/recurly-client-go/client_operations.go:2179.2,2179.25 1 0
recurly.com/recurly-client-go/client_operations.go:2183.2,2183.26 1 0
recurly.com/recurly-client-go/client_operations.go:2187.2,2187.23 1 0
recurly.com/recurly-client-go/client_operations.go:2191.2,2191.22 1 0
recurly.com/recurly-client-go/client_operations.go:2195.2,2195.16 1 0
recurly.com/recurly-client-go/client_operations.go:2159.21,2161.3 1 0
recurly.com/recurly-client-go/client_operations.go:2163.23,2165.3 1 0
recurly.com/recurly-client-go/client_operations.go:2167.23,2169.3 1 0
recurly.com/recurly-client-go/client_operations.go:2171.22,2173.3 1 0
recurly.com/recurly-client-go/client_operations.go:2175.27,2177.3 1 0
recurly.com/recurly-client-go/client_operations.go:2179.25,2181.3 1 0
recurly.com/recurly-client-go/client_operations.go:2183.26,2185.3 1 0
recurly.com/recurly-client-go/client_operations.go:2187.23,2189.3 1 0
recurly.com/recurly-client-go/client_operations.go:2191.22,2193.3 1 0
recurly.com/recurly-client-go/client_operations.go:2200.107,2208.2 3 0
recurly.com/recurly-client-go/client_operations.go:2238.68,2245.2 1 0
recurly.com/recurly-client-go/client_operations.go:2247.72,2250.21 2 0
recurly.com/recurly-client-go/client_operations.go:2254.2,2254.22 1 0
recurly.com/recurly-client-go/client_operations.go:2258.2,2258.27 1 0
recurly.com/recurly-client-go/client_operations.go:2262.2,2262.25 1 0
recurly.com/recurly-client-go/client_operations.go:2266.2,2266.16 1 0
recurly.com/recurly-client-go/client_operations.go:2250.21,2252.3 1 0
recurly.com/recurly-client-go/client_operations.go:2254.22,2256.3 1 0
recurly.com/recurly-client-go/client_operations.go:2258.27,2260.3 1 0
recurly.com/recurly-client-go/client_operations.go:2262.25,2264.3 1 0
recurly.com/recurly-client-go/client_operations.go:2271.131,2279.2 3 0
recurly.com/recurly-client-go/client_operations.go:2283.69,2290.2 2 0
recurly.com/recurly-client-go/client_operations.go:2294.89,2298.16 4 0
recurly.com/recurly-client-go/client_operations.go:2301.2,2301.20 1 0
recurly.com/recurly-client-go/client_operations.go:2298.16,2300.3 1 0
recurly.com/recurly-client-go/client_operations.go:2347.53,2354.2 1 0
recurly.com/recurly-client-go/client_operations.go:2356.57,2359.21 2 0
recurly.com/recurly-client-go/client_operations.go:2363.2,2363.23 1 0
recurly.com/recurly-client-go/client_operations.go:2367.2,2367.23 1 0
recurly.com/recurly-client-go/client_operations.go:2371.2,2371.22 1 0
recurly.com/recurly-client-go/client_operations.go:2375.2,2375.27 1 0
recurly.com/recurly-client-go/client_operations.go:2379.2,2379.25 1 0
recurly.com/recurly-client-go/client_operations.go:2383.2,2383.26 1 0
recurly.com/recurly-client-go/client_operations.go:2387.2,2387.23 1 0
recurly.com/recurly-client-go/client_operations.go:2391.2,2391.22 1 0
recurly.com/recurly-client-go/client_operations.go:2395.2,2395.16 1 0
recurly.com/recurly-client-go/client_operations.go:2359.21,2361.3 1 0
recurly.com/recurly-client-go/client_operations.go:2363.23,2365.3 1 0
recurly.com/recurly-client-go/client_operations.go:2367.23,2369.3 1 0
recurly.com/recurly-client-go/client_operations.go:2371.22,2373.3 1 0
recurly.com/recurly-client-go/client_operations.go:2375.27,2377.3 1 0
recurly.com/recurly-client-go/client_operations.go:2379.25,2381.3 1 0
recurly.com/recurly-client-go/client_operations.go:2383.26,2385.3 1 0
recurly.com/recurly-client-go/client_operations.go:2387.23,2389.3 1 0
recurly.com/recurly-client-go/client_operations.go:2391.22,2393.3 1 0
recurly.com/recurly-client-go/client_operations.go:2400.75,2408.2 3 0
recurly.com/recurly-client-go/client_operations.go:2412.68,2416.16 4 0
recurly.com/recurly-client-go/client_operations.go:2419.2,2419.20 1 0
recurly.com/recurly-client-go/client_operations.go:2416.16,2418.3 1 0
recurly.com/recurly-client-go/client_operations.go:2424.68,2428.16 4 0
recurly.com/recurly-client-go/client_operations.go:2431.2,2431.20 1 0
recurly.com/recurly-client-go/client_operations.go:2428.16,2430.3 1 0
recurly.com/recurly-client-go/client_operations.go:2471.49,2478.2 1 0
recurly.com/recurly-client-go/client_operations.go:2480.53,2483.21 2 0
recurly.com/recurly-client-go/client_operations.go:2487.2,2487.23 1 0
recurly.com/recurly-client-go/client_operations.go:2491.2,2491.23 1 0
recurly.com/recurly-client-go/client_operations.go:2495.2,2495.22 1 0
recurly.com/recurly-client-go/client_operations.go:2499.2,2499.27 1 0
recurly.com/recurly-client-go/client_operations.go:2503.2,2503.25 1 0
recurly.com/recurly-client-go/client_operations.go:2507.2,2507.23 1 0
recurly.com/recurly-client-go/client_operations.go:2511.2,2511.16 1 0
recurly.com/recurly-client-go/client_operations.go:2483.21,2485.3 1 0
recurly.com/recurly-client-go/client_operations.go:2487.23,2489.3 1 0
recurly.com/recurly-client-go/client_operations.go:2491.23,2493.3 1 0
recurly.com/recurly-client-go/client_operations.go:2495.22,2497.3 1 0
recurly.com/recurly-client-go/client_operations.go:2499.27,2501.3 1 0
recurly.com/recurly-client-go/client_operations.go:2503.25,2505.3 1 0
recurly.com/recurly-client-go/client_operations.go:2507.23,2509.3 1 0
recurly.com/recurly-client-go/client_operations.go:2516.63,2524.2 3 0
recurly.com/recurly-client-go/client_operations.go:2528.62,2532.16 4 0
recurly.com/recurly-client-go/client_operations.go:2535.2,2535.20 1 0
recurly.com/recurly-client-go/client_operations.go:2532.16,2534.3 1 0
recurly.com/recurly-client-go/client_operations.go:2540.56,2544.16 4 0
recurly.com/recurly-client-go/client_operations.go:2547.2,2547.20 1 0
recurly.com/recurly-client-go/client_operations.go:2544.16,2546.3 1 0
recurly.com/recurly-client-go/client_operations.go:2552.77,2556.16 4 0
recurly.com/recurly-client-go/client_operations.go:2559.2,2559.20 1 0
recurly.com/recurly-client-go/client_operations.go:2556.16,2558.3 1 0
recurly.com/recurly-client-go/client_operations.go:2564.59,2568.16 4 0
recurly.com/recurly-client-go/client_operations.go:2571.2,2571.20 1 0
recurly.com/recurly-client-go/client_operations.go:2568.16,2570.3 1 0
recurly.com/recurly-client-go/client_operations.go:2611.54,2618.2 1 0
recurly.com/recurly-client-go/client_operations.go:2620.58,2623.21 2 0
recurly.com/recurly-client-go/client_operations.go:2627.2,2627.23 1 0
recurly.com/recurly-client-go/client_operations.go:2631.2,2631.23 1 0
recurly.com/recurly-client-go/client_operations.go:2635.2,2635.22 1 0
recurly.com/recurly-client-go/client_operations.go:2639.2,2639.27 1 0
recurly.com/recurly-client-go/client_operations.go:2643.2,2643.25 1 0
recurly.com/recurly-client-go/client_operations.go:2647.2,2647.23 1 0
recurly.com/recurly-client-go/client_operations.go:2651.2,2651.16 1 0
recurly.com/recurly-client-go/client_operations.go:2623.21,2625.3 1 0
recurly.com/recurly-client-go/client_operations.go:2627.23,2629.3 1 0
recurly.com/recurly-client-go/client_operations.go:2631.23,2633.3 1 0
recurly.com/recurly-client-go/client_operations.go:2635.22,2637.3 1 0
recurly.com/recurly-client-go/client_operations.go:2639.27,2641.3 1 0
recurly.com/recurly-client-go/client_operations.go:2643.25,2645.3 1 0
recurly.com/recurly-client-go/client_operations.go:2647.23,2649.3 1 0
recurly.com/recurly-client-go/client_operations.go:2656.89,2664.2 3 0
recurly.com/recurly-client-go/client_operations.go:2668.84,2672.16 4 0
recurly.com/recurly-client-go/client_operations.go:2675.2,2675.20 1 0
recurly.com/recurly-client-go/client_operations.go:2672.16,2674.3 1 0
recurly.com/recurly-client-go/client_operations.go:2680.78,2684.16 4 0
recurly.com/recurly-client-go/client_operations.go:2687.2,2687.20 1 0
recurly.com/recurly-client-go/client_operations.go:2684.16,2686.3 1 0
recurly.com/recurly-client-go/client_operations.go:2692.100,2696.16 4 0
recurly.com/recurly-client-go/client_operations.go:2699.2,2699.20 1 0
recurly.com/recurly-client-go/client_operations.go:2696.16,2698.3 1 0
recurly.com/recurly-client-go/client_operations.go:2704.81,2708.16 4 0
recurly.com/recurly-client-go/client_operations.go:2711.2,2711.20 1 0
recurly.com/recurly-client-go/client_operations.go:2708.16,2710.3 1 0
recurly.com/recurly-client-go/client_operations.go:2751.50,2758.2 1 0
recurly.com/recurly-client-go/client_operations.go:2760.54,2763.21 2 0
recurly.com/recurly-client-go/client_operations.go:2767.2,2767.23 1 0
recurly.com/recurly-client-go/client_operations.go:2771.2,2771.23 1 0
recurly.com/recurly-client-go/client_operations.go:2775.2,2775.22 1 0
recurly.com/recurly-client-go/client_operations.go:2779.2,2779.27 1 0
recurly.com/recurly-client-go/client_operations.go:2783.2,2783.25 1 0
recurly.com/recurly-client-go/client_operations.go:2787.2,2787.23 1 0
recurly.com/recurly-client-go/client_operations.go:2791.2,2791.16 1 0
recurly.com/recurly-client-go/client_operations.go:2763.21,2765.3 1 0
recurly.com/recurly-client-go/client_operations.go:2767.23,2769.3 1 0
recurly.com/recurly-client-go/client_operations.go:2771.23,2773.3 1 0
recurly.com/recurly-client-go/client_operations.go:2775.22,2777.3 1 0
recurly.com/recurly-client-go/client_operations.go:2779.27,2781.3 1 0
recurly.com/recurly-client-go/client_operations.go:2783.25,2785.3 1 0
recurly.com/recurly-client-go/client_operations.go:2787.23,2789.3 1 0
recurly.com/recurly-client-go/client_operations.go:2796.66,2804.2 3 0
recurly.com/recurly-client-go/client_operations.go:2808.59,2812.16 4 0
recurly.com/recurly-client-go/client_operations.go:2815.2,2815.20 1 0
recurly.com/recurly-client-go/client_operations.go:2812.16,2814.3 1 0
recurly.com/recurly-client-go/client_operations.go:2852.59,2859.2 1 0
recurly.com/recurly-client-go/client_operations.go:2861.63,2864.21 2 0
recurly.com/recurly-client-go/client_operations.go:2868.2,2868.23 1 0
recurly.com/recurly-client-go/client_operations.go:2872.2,2872.23 1 0
recurly.com/recurly-client-go/client_operations.go:2876.2,2876.22 1 0
recurly.com/recurly-client-go/client_operations.go:2880.2,2880.27 1 0
recurly.com/recurly-client-go/client_operations.go:2884.2,2884.25 1 0
recurly.com/recurly-client-go/client_operations.go:2888.2,2888.16 1 0
recurly.com/recurly-client-go/client_operations.go:2864.21,2866.3 1 0
recurly.com/recurly-client-go/client_operations.go:2868.23,2870.3 1 0
recurly.com/recurly-client-go/client_operations.go:2872.23,2874.3 1 0
recurly.com/recurly-client-go/client_operations.go:2876.22,2878.3 1 0
recurly.com/recurly-client-go/client_operations.go:2880.27,2882.3 1 0
recurly.com/recurly-client-go/client_operations.go:2884.25,2886.3 1 0
recurly.com/recurly-client-go/client_operations.go:2893.93,2901.2 3 0
recurly.com/recurly-client-go/client_operations.go:2905.72,2909.16 4 0
recurly.com/recurly-client-go/client_operations.go:2912.2,2912.20 1 0
recurly.com/recurly-client-go/client_operations.go:2909.16,2911.3 1 0
recurly.com/recurly-client-go/client_operations.go:2955.57,2962.2 1 0
recurly.com/recurly-client-go/client_operations.go:2964.61,2967.21 2 0
recurly.com/recurly-client-go/client_operations.go:2971.2,2971.23 1 0
recurly.com/recurly-client-go/client_operations.go:2975.2,2975.23 1 0
recurly.com/recurly-client-go/client_operations.go:2979.2,2979.22 1 0
recurly.com/recurly-client-go/client_operations.go:2983.2,2983.27 1 0
recurly.com/recurly-client-go/client_operations.go:2987.2,2987.25 1 0
recurly.com/recurly-client-go/client_operations.go:2991.2,2991.23 1 0
recurly.com/recurly-client-go/client_operations.go:2995.2,2995.16 1 0
recurly.com/recurly-client-go/client_operations.go:2967.21,2969.3 1 0
recurly.com/recurly-client-go/client_operations.go:2971.23,2973.3 1 0
recurly.com/recurly-client-go/client_operations.go:2975.23,2977.3 1 0
recurly.com/recurly-client-go/client_operations.go:2979.22,2981.3 1 0
recurly.com/recurly-client-go/client_operations.go:2983.27,2985.3 1 0
recurly.com/recurly-client-go/client_operations.go:2987.25,2989.3 1 0
recurly.com/recurly-client-go/client_operations.go:2991.23,2993.3 1 0
recurly.com/recurly-client-go/client_operations.go:3000.87,3008.2 3 0
recurly.com/recurly-client-go/client_operations.go:3012.86,3016.16 4 0
recurly.com/recurly-client-go/client_operations.go:3019.2,3019.20 1 0
recurly.com/recurly-client-go/client_operations.go:3016.16,3018.3 1 0
recurly.com/recurly-client-go/client_operations.go:3024.80,3028.16 4 0
recurly.com/recurly-client-go/client_operations.go:3031.2,3031.20 1 0
recurly.com/recurly-client-go/client_operations.go:3028.16,3030.3 1 0
recurly.com/recurly-client-go/client_operations.go:3036.109,3040.16 4 0
recurly.com/recurly-client-go/client_operations.go:3043.2,3043.20 1 0
recurly.com/recurly-client-go/client_operations.go:3040.16,3042.3 1 0
recurly.com/recurly-client-go/client_operations.go:3058.61,3065.2 1 0
recurly.com/recurly-client-go/client_operations.go:3067.65,3070.24 2 0
recurly.com/recurly-client-go/client_operations.go:3074.2,3074.16 1 0
recurly.com/recurly-client-go/client_operations.go:3070.24,3072.3 1 0
recurly.com/recurly-client-go/client_operations.go:3079.123,3083.16 4 0
recurly.com/recurly-client-go/client_operations.go:3086.2,3086.20 1 0
recurly.com/recurly-client-go/client_operations.go:3083.16,3085.3 1 0
recurly.com/recurly-client-go/client_operations.go:3096.58,3103.2 1 0
recurly.com/recurly-client-go/client_operations.go:3107.117,3111.16 4 0
recurly.com/recurly-client-go/client_operations.go:3114.2,3114.20 1 0
recurly.com/recurly-client-go/client_operations.go:3111.16,3113.3 1 0
recurly.com/recurly-client-go/client_operations.go:3119.87,3123.16 4 0
recurly.com/recurly-client-go/client_operations.go:3126.2,3126.20 1 0
recurly.com/recurly-client-go/client_operations.go:3123.16,3125.3 1 0
recurly.com/recurly-client-go/client_operations.go:3131.107,3135.16 4 0
recurly.com/recurly-client-go/client_operations.go:3138.2,3138.20 1 0
recurly.com/recurly-client-go/client_operations.go:3135.16,3137.3 1 0
recurly.com/recurly-client-go/client_operations.go:3143.83,3147.16 4 0
recurly.com/recurly-client-go/client_operations.go:3150.2,3150.20 1 0
recurly.com/recurly-client-go/client_operations.go:3147.16,3149.3 1 0
recurly.com/recurly-client-go/client_operations.go:3155.77,3159.16 4 0
recurly.com/recurly-client-go/client_operations.go:3162.2,3162.20 1 0
recurly.com/recurly-client-go/client_operations.go:3159.16,3161.3 1 0
recurly.com/recurly-client-go/client_operations.go:3167.92,3171.16 4 0
recurly.com/recurly-client-go/client_operations.go:3174.2,3174.20 1 0
recurly.com/recurly-client-go/client_operations.go:3171.16,3173.3 1 0
recurly.com/recurly-client-go/client_operations.go:3179.127,3183.16 4 0
recurly.com/recurly-client-go/client_operations.go:3186.2,3186.20 1 0
recurly.com/recurly-client-go/client_operations.go:3183.16,3185.3 1 0
recurly.com/recurly-client-go/client_operations.go:3191.82,3195.16 4 0
recurly.com/recurly-client-go/client_operations.go:3198.2,3198.20 1 0
recurly.com/recurly-client-go/client_operations.go:3195.16,3197.3 1 0
recurly.com/recurly-client-go/client_operations.go:3242.64,3249.2 1 0
recurly.com/recurly-client-go/client_operations.go:3251.68,3254.21 2 0
recurly.com/recurly-client-go/client_operations.go:3258.2,3258.23 1 0
recurly.com/recurly-client-go/client_operations.go:3262.2,3262.23 1 0
recurly.com/recurly-client-go/client_operations.go:3266.2,3266.22 1 0
recurly.com/recurly-client-go/client_operations.go:3270.2,3270.27 1 0
recurly.com/recurly-client-go/client_operations.go:3274.2,3274.25 1 0
recurly.com/recurly-client-go/client_operations.go:3278.2,3278.22 1 0
recurly.com/recurly-client-go/client_operations.go:3282.2,3282.16 1 0
recurly.com/recurly-client-go/client_operations.go:3254.21,3256.3 1 0
recurly.com/recurly-client-go/client_operations.go:3258.23,3260.3 1 0
recurly.com/recurly-client-go/client_operations.go:3262.23,3264.3 1 0
recurly.com/recurly-client-go/client_operations.go:3266.22,3268.3 1 0
recurly.com/recurly-client-go/client_operations.go:3270.27,3272.3 1 0
recurly.com/recurly-client-go/client_operations.go:3274.25,3276.3 1 0
recurly.com/recurly-client-go/client_operations.go:3278.22,3280.3 1 0
recurly.com/recurly-client-go/client_operations.go:3287.119,3295.2 3 0
recurly.com/recurly-client-go/client_operations.go:3340.65,3347.2 1 0
recurly.com/recurly-client-go/client_operations.go:3349.69,3352.21 2 0
recurly.com/recurly-client-go/client_operations.go:3356.2,3356.23 1 0
recurly.com/recurly-client-go/client_operations.go:3360.2,3360.23 1 0
recurly.com/recurly-client-go/client_operations.go:3364.2,3364.22 1 0
recurly.com/recurly-client-go/client_operations.go:3368.2,3368.27 1 0
recurly.com/recurly-client-go/client_operations.go:3372.2,3372.25 1 0
recurly.com/recurly-client-go/client_operations.go:3376.2,3376.26 1 0
recurly.com/recurly-client-go/client_operations.go:3380.2,3380.23 1 0
recurly.com/recurly-client-go/client_operations.go:3384.2,3384.22 1 0
recurly.com/recurly-client-go/client_operations.go:3388.2,3388.16 1 0
recurly.com/recurly-client-go/client_operations.go:3352.21,3354.3 1 0
recurly.com/recurly-client-go/client_operations.go:3356.23,3358.3 1 0
recurly.com/recurly-client-go/client_operations.go:3360.23,3362.3 1 0
recurly.com/recurly-client-go/client_operations.go:3364.22,3366.3 1 0
recurly.com/recurly-client-go/client_operations.go:3368.27,3370.3 1 0
recurly.com/recurly-client-go/client_operations.go:3372.25,3374.3 1 0
recurly.com/recurly-client-go/client_operations.go:3376.26,3378.3 1 0
recurly.com/recurly-client-go/client_operations.go:3380.23,3382.3 1 0
recurly.com/recurly-client-go/client_operations.go:3384.22,3386.3 1 0
recurly.com/recurly-client-go/client_operations.go:3393.122,3401.2 3 0
recurly.com/recurly-client-go/client_operations.go:3431.73,3438.2 1 0
recurly.com/recurly-client-go/client_operations.go:3440.77,3443.21 2 0
recurly.com/recurly-client-go/client_operations.go:3447.2,3447.22 1 0
recurly.com/recurly-client-go/client_operations.go:3451.2,3451.27 1 0
recurly.com/recurly-client-go/client_operations.go:3455.2,3455.25 1 0
recurly.com/recurly-client-go/client_operations.go:3459.2,3459.16 1 0
recurly.com/recurly-client-go/client_operations.go:3443.21,3445.3 1 0
recurly.com/recurly-client-go/client_operations.go:3447.22,3449.3 1 0
recurly.com/recurly-client-go/client_operations.go:3451.27,3453.3 1 0
recurly.com/recurly-client-go/client_operations.go:3455.25,3457.3 1 0
recurly.com/recurly-client-go/client_operations.go:3464.146,3472.2 3 0
recurly.com/recurly-client-go/client_operations.go:3514.56,3521.2 1 0
recurly.com/recurly-client-go/client_operations.go:3523.60,3526.21 2 0
recurly.com/recurly-client-go/client_operations.go:3530.2,3530.23 1 0
recurly.com/recurly-client-go/client_operations.go:3534.2,3534.23 1 0
recurly.com/recurly-client-go/client_operations.go:3538.2,3538.22 1 0
recurly.com/recurly-client-go/client_operations.go:3542.2,3542.27 1 0
recurly.com/recurly-client-go/client_operations.go:3546.2,3546.25 1 0
recurly.com/recurly-client-go/client_operations.go:3550.2,3550.22 1 0
recurly.com/recurly-client-go/client_operations.go:3554.2,3554.25 1 0
recurly.com/recurly-client-go/client_operations.go:3558.2,3558.16 1 0
recurly.com/recurly-client-go/client_operations.go:3526.21,3528.3 1 0
recurly.com/recurly-client-go/client_operations.go:3530.23,3532.3 1 0
recurly.com/recurly-client-go/client_operations.go:3534.23,3536.3 1 0
recurly.com/recurly-client-go/client_operations.go:3538.22,3540.3 1 0
recurly.com/recurly-client-go/client_operations.go:3542.27,3544.3 1 0
recurly.com/recurly-client-go/client_operations.go:3546.25,3548.3 1 0
recurly.com/recurly-client-go/client_operations.go:3550.22,3552.3 1 0
recurly.com/recurly-client-go/client_operations.go:3554.25,3556.3 1 0
recurly.com/recurly-client-go/client_operations.go:3563.84,3571.2 3 0
recurly.com/recurly-client-go/client_operations.go:3575.77,3579.16 4 0
recurly.com/recurly-client-go/client_operations.go:3582.2,3582.20 1 0
recurly.com/recurly-client-go/client_operations.go:3579.16,3581.3 1 0
recurly.com/recurly-client-go/client_operations.go:3587.92,3591.16 4 0
recurly.com/recurly-client-go/client_operations.go:3594.2,3594.20 1 0
recurly.com/recurly-client-go/client_operations.go:3591.16,3593.3 1 0
recurly.com/recurly-client-go/client_operations.go:3599.99,3603.16 4 0
recurly.com/recurly-client-go/client_operations.go:3606.2,3606.20 1 0
recurly.com/recurly-client-go/client_operations.go:3603.16,3605.3 1 0
recurly.com/recurly-client-go/client_operations.go:3611.99,3615.16 4 0
recurly.com/recurly-client-go/client_operations.go:3618.2,3618.20 1 0
recurly.com/recurly-client-go/client_operations.go:3615.16,3617.3 1 0
recurly.com/recurly-client-go/client_operations.go:3623.83,3627.16 4 0
recurly.com/recurly-client-go/client_operations.go:3630.2,3630.20 1 0
recurly.com/recurly-client-go/client_operations.go:3627.16,3629.3 1 0
recurly.com/recurly-client-go/client_operations.go:3635.84,3639.16 4 0
recurly.com/recurly-client-go/client_operations.go:3642.2,3642.20 1 0
recurly.com/recurly-client-go/client_operations.go:3639.16,3641.3 1 0
recurly.com/recurly-client-go/client_response.go:36.66,50.2 2 1
recurly.com/recurly-client-go/client_response.go:52.47,59.21 2 0
recurly.com/recurly-client-go/client_response.go:62.2,62.32 1 0
recurly.com/recurly-client-go/client_response.go:65.2,65.13 1 0
recurly.com/recurly-client-go/client_response.go:59.21,61.3 1 0
recurly.com/recurly-client-go/client_response.go:62.32,64.3 1 0
recurly.com/recurly-client-go/client_response.go:76.40,78.2 1 0
recurly.com/recurly-client-go/client_response.go:82.47,83.31 1 0
recurly.com/recurly-client-go/client_response.go:87.2,88.15 2 0
recurly.com/recurly-client-go/client_response.go:83.31,85.3 1 0
recurly.com/recurly-client-go/client_response.go:91.51,93.20 2 1
recurly.com/recurly-client-go/client_response.go:96.2,97.16 2 1
recurly.com/recurly-client-go/client_response.go:100.2,107.3 3 1
recurly.com/recurly-client-go/client_response.go:93.20,95.3 1 0
recurly.com/recurly-client-go/client_response.go:97.16,99.3 1 0
recurly.com/recurly-client-go/logger.go:26.40,32.2 1 1
recurly.com/recurly-client-go/logger.go:35.46,37.2 1 1
recurly.com/recurly-client-go/logger.go:39.44,40.29 1 0
recurly.com/recurly-client-go/logger.go:40.29,42.3 1 0
recurly.com/recurly-client-go/logger.go:45.60,46.29 1 1
recurly.com/recurly-client-go/logger.go:46.29,48.3 1 0
recurly.com/recurly-client-go/logger.go:51.43,52.28 1 0
recurly.com/recurly-client-go/logger.go:52.28,54.3 1 0
recurly.com/recurly-client-go/logger.go:57.59,58.28 1 0
recurly.com/recurly-client-go/logger.go:58.28,60.3 1 0
recurly.com/recurly-client-go/logger.go:63.43,64.28 1 0
recurly.com/recurly-client-go/logger.go:64.28,66.3 1 0
recurly.com/recurly-client-go/logger.go:69.59,70.28 1 0
recurly.com/recurly-client-go/logger.go:70.28,72.3 1 0
recurly.com/recurly-client-go/logger.go:75.44,76.29 1 0
recurly.com/recurly-client-go/logger.go:76.29,78.3 1 0
recurly.com/recurly-client-go/logger.go:81.60,82.29 1 0
recurly.com/recurly-client-go/logger.go:82.29,84.3 1 0
recurly.com/recurly-client-go/logger.go:87.45,88.23 1 0
recurly.com/recurly-client-go/logger.go:88.23,90.3 1 0
recurly.com/recurly-client-go/logger.go:93.45,94.23 1 0
recurly.com/recurly-client-go/logger.go:94.23,96.3 1 0
recurly.com/recurly-client-go/params.go:34.46,35.33 1 1
recurly.com/recurly-client-go/params.go:38.2,38.21 1 1
recurly.com/recurly-client-go/params.go:35.33,37.3 1 0
recurly.com/recurly-client-go/params.go:111.32,112.7 1 0
recurly.com/recurly-client-go/params.go:115.2,115.16 1 0
recurly.com/recurly-client-go/params.go:112.7,114.3 1 0
recurly.com/recurly-client-go/params.go:119.37,121.2 1 0
